<?xml version="1.0" encoding="UTF-8"?>
<coverage generated="1680027001784" clover="3.2.0">
  <project timestamp="1680027001784" name="All files">
    <metrics statements="296" coveredstatements="272" conditionals="78" coveredconditionals="59" methods="72" coveredmethods="69" elements="446" coveredelements="400" complexity="0" loc="296" ncloc="296" packages="7" files="20" classes="20"/>
    <package name="FinancialManager-Api">
      <metrics statements="1" coveredstatements="1" conditionals="0" coveredconditionals="0" methods="0" coveredmethods="0"/>
      <file name="knexfile.js" path="C:\Users\thiag\OneDrive\Documentos\GitHub\FinancialManager-Api\knexfile.js">
        <metrics statements="1" coveredstatements="1" conditionals="0" coveredconditionals="0" methods="0" coveredmethods="0"/>
        <line num="1" count="7" type="stmt"/>
      </file>
    </package>
    <package name="FinancialManager-Api.src">
      <metrics statements="21" coveredstatements="17" conditionals="2" coveredconditionals="1" methods="3" coveredmethods="2"/>
      <file name="server.js" path="C:\Users\thiag\OneDrive\Documentos\GitHub\FinancialManager-Api\src\server.js">
        <metrics statements="21" coveredstatements="17" conditionals="2" coveredconditionals="1" methods="3" coveredmethods="2"/>
        <line num="1" count="7" type="stmt"/>
        <line num="2" count="7" type="stmt"/>
        <line num="3" count="7" type="stmt"/>
        <line num="4" count="7" type="stmt"/>
        <line num="5" count="7" type="stmt"/>
        <line num="7" count="7" type="stmt"/>
        <line num="9" count="7" type="stmt"/>
        <line num="12" count="7" type="stmt"/>
        <line num="24" count="7" type="stmt"/>
        <line num="32" count="7" type="stmt"/>
        <line num="33" count="0" type="stmt"/>
        <line num="36" count="7" type="stmt"/>
        <line num="37" count="2" type="stmt"/>
        <line num="40" count="7" type="stmt"/>
        <line num="41" count="13" type="stmt"/>
        <line num="42" count="13" type="cond" truecount="1" falsecount="1"/>
        <line num="44" count="0" type="stmt"/>
        <line num="45" count="0" type="stmt"/>
        <line num="48" count="0" type="stmt"/>
        <line num="50" count="13" type="stmt"/>
        <line num="55" count="7" type="stmt"/>
      </file>
    </package>
    <package name="FinancialManager-Api.src.config">
      <metrics statements="28" coveredstatements="26" conditionals="2" coveredconditionals="1" methods="7" coveredmethods="6"/>
      <file name="middlewares.js" path="C:\Users\thiag\OneDrive\Documentos\GitHub\FinancialManager-Api\src\config\middlewares.js">
        <metrics statements="5" coveredstatements="5" conditionals="0" coveredconditionals="0" methods="1" coveredmethods="1"/>
        <line num="1" count="7" type="stmt"/>
        <line num="2" count="7" type="stmt"/>
        <line num="4" count="7" type="stmt"/>
        <line num="5" count="7" type="stmt"/>
        <line num="6" count="7" type="stmt"/>
      </file>
      <file name="passport.js" path="C:\Users\thiag\OneDrive\Documentos\GitHub\FinancialManager-Api\src\config\passport.js">
        <metrics statements="13" coveredstatements="11" conditionals="2" coveredconditionals="1" methods="5" coveredmethods="4"/>
        <line num="1" count="7" type="stmt"/>
        <line num="2" count="7" type="stmt"/>
        <line num="4" count="7" type="stmt"/>
        <line num="6" count="7" type="stmt"/>
        <line num="8" count="7" type="stmt"/>
        <line num="9" count="7" type="stmt"/>
        <line num="13" count="7" type="stmt"/>
        <line num="14" count="57" type="stmt"/>
        <line num="16" count="57" type="cond" truecount="1" falsecount="1"/>
        <line num="17" count="0" type="stmt"/>
        <line num="18" count="0" type="stmt"/>
        <line num="21" count="7" type="stmt"/>
        <line num="23" count="7" type="stmt"/>
      </file>
      <file name="router.js" path="C:\Users\thiag\OneDrive\Documentos\GitHub\FinancialManager-Api\src\config\router.js">
        <metrics statements="10" coveredstatements="10" conditionals="0" coveredconditionals="0" methods="1" coveredmethods="1"/>
        <line num="1" count="7" type="stmt"/>
        <line num="3" count="7" type="stmt"/>
        <line num="4" count="7" type="stmt"/>
        <line num="5" count="7" type="stmt"/>
        <line num="7" count="7" type="stmt"/>
        <line num="8" count="7" type="stmt"/>
        <line num="9" count="7" type="stmt"/>
        <line num="10" count="7" type="stmt"/>
        <line num="11" count="7" type="stmt"/>
        <line num="12" count="7" type="stmt"/>
      </file>
    </package>
    <package name="FinancialManager-Api.src.errors">
      <metrics statements="6" coveredstatements="6" conditionals="0" coveredconditionals="0" methods="2" coveredmethods="2"/>
      <file name="forbiddenErrror.js" path="C:\Users\thiag\OneDrive\Documentos\GitHub\FinancialManager-Api\src\errors\forbiddenErrror.js">
        <metrics statements="3" coveredstatements="3" conditionals="0" coveredconditionals="0" methods="1" coveredmethods="1"/>
        <line num="1" count="7" type="stmt"/>
        <line num="2" count="1" type="stmt"/>
        <line num="3" count="1" type="stmt"/>
      </file>
      <file name="validationErrors.js" path="C:\Users\thiag\OneDrive\Documentos\GitHub\FinancialManager-Api\src\errors\validationErrors.js">
        <metrics statements="3" coveredstatements="3" conditionals="0" coveredconditionals="0" methods="1" coveredmethods="1"/>
        <line num="1" count="7" type="stmt"/>
        <line num="2" count="13" type="stmt"/>
        <line num="3" count="13" type="stmt"/>
      </file>
    </package>
    <package name="FinancialManager-Api.src.routes">
      <metrics statements="145" coveredstatements="127" conditionals="12" coveredconditionals="10" methods="31" coveredmethods="30"/>
      <file name="accounts.js" path="C:\Users\thiag\OneDrive\Documentos\GitHub\FinancialManager-Api\src\routes\accounts.js">
        <metrics statements="35" coveredstatements="32" conditionals="4" coveredconditionals="3" methods="7" coveredmethods="7"/>
        <line num="1" count="7" type="stmt"/>
        <line num="3" count="7" type="stmt"/>
        <line num="4" count="7" type="stmt"/>
        <line num="6" count="7" type="stmt"/>
        <line num="7" count="6" type="stmt"/>
        <line num="8" count="6" type="cond" truecount="2" falsecount="0"/>
        <line num="9" count="2" type="stmt"/>
        <line num="11" count="4" type="stmt"/>
        <line num="13" count="7" type="stmt"/>
        <line num="14" count="3" type="stmt"/>
        <line num="16" count="3" type="stmt"/>
        <line num="17" count="1" type="stmt"/>
        <line num="19" count="2" type="stmt"/>
        <line num="23" count="7" type="stmt"/>
        <line num="24" count="1" type="stmt"/>
        <line num="25" count="1" type="stmt"/>
        <line num="26" count="1" type="cond" truecount="1" falsecount="1"/>
        <line num="27" count="1" type="stmt"/>
        <line num="30" count="0" type="stmt"/>
        <line num="34" count="7" type="stmt"/>
        <line num="35" count="1" type="stmt"/>
        <line num="36" count="1" type="stmt"/>
        <line num="37" count="1" type="stmt"/>
        <line num="39" count="0" type="stmt"/>
        <line num="43" count="7" type="stmt"/>
        <line num="44" count="1" type="stmt"/>
        <line num="45" count="1" type="stmt"/>
        <line num="46" count="1" type="stmt"/>
        <line num="48" count="0" type="stmt"/>
        <line num="52" count="7" type="stmt"/>
        <line num="53" count="2" type="stmt"/>
        <line num="54" count="2" type="stmt"/>
        <line num="55" count="1" type="stmt"/>
        <line num="57" count="1" type="stmt"/>
        <line num="60" count="7" type="stmt"/>
      </file>
      <file name="auth.js" path="C:\Users\thiag\OneDrive\Documentos\GitHub\FinancialManager-Api\src\routes\auth.js">
        <metrics statements="21" coveredstatements="17" conditionals="2" coveredconditionals="2" methods="5" coveredmethods="4"/>
        <line num="1" count="7" type="stmt"/>
        <line num="2" count="7" type="stmt"/>
        <line num="3" count="7" type="stmt"/>
        <line num="4" count="7" type="stmt"/>
        <line num="6" count="7" type="stmt"/>
        <line num="8" count="7" type="stmt"/>
        <line num="9" count="7" type="stmt"/>
        <line num="11" count="7" type="stmt"/>
        <line num="12" count="2" type="stmt"/>
        <line num="14" count="2" type="cond" truecount="2" falsecount="0"/>
        <line num="15" count="1" type="stmt"/>
        <line num="20" count="1" type="stmt"/>
        <line num="21" count="1" type="stmt"/>
        <line num="22" count="1" type="stmt"/>
        <line num="24" count="1" type="stmt"/>
        <line num="28" count="7" type="stmt"/>
        <line num="29" count="0" type="stmt"/>
        <line num="30" count="0" type="stmt"/>
        <line num="31" count="0" type="stmt"/>
        <line num="33" count="0" type="stmt"/>
        <line num="37" count="7" type="stmt"/>
      </file>
      <file name="balance.js" path="C:\Users\thiag\OneDrive\Documentos\GitHub\FinancialManager-Api\src\routes\balance.js">
        <metrics statements="9" coveredstatements="8" conditionals="0" coveredconditionals="0" methods="2" coveredmethods="2"/>
        <line num="2" count="7" type="stmt"/>
        <line num="4" count="7" type="stmt"/>
        <line num="5" count="7" type="stmt"/>
        <line num="7" count="7" type="stmt"/>
        <line num="8" count="9" type="stmt"/>
        <line num="9" count="9" type="stmt"/>
        <line num="10" count="9" type="stmt"/>
        <line num="12" count="0" type="stmt"/>
        <line num="15" count="7" type="stmt"/>
      </file>
      <file name="transactions.js" path="C:\Users\thiag\OneDrive\Documentos\GitHub\FinancialManager-Api\src\routes\transactions.js">
        <metrics statements="33" coveredstatements="28" conditionals="2" coveredconditionals="2" methods="7" coveredmethods="7"/>
        <line num="3" count="7" type="stmt"/>
        <line num="5" count="7" type="stmt"/>
        <line num="6" count="7" type="stmt"/>
        <line num="8" count="7" type="stmt"/>
        <line num="9" count="4" type="stmt"/>
        <line num="10" count="4" type="cond" truecount="2" falsecount="0"/>
        <line num="11" count="1" type="stmt"/>
        <line num="14" count="7" type="stmt"/>
        <line num="15" count="1" type="stmt"/>
        <line num="16" count="1" type="stmt"/>
        <line num="17" count="1" type="stmt"/>
        <line num="19" count="0" type="stmt"/>
        <line num="23" count="7" type="stmt"/>
        <line num="24" count="11" type="stmt"/>
        <line num="25" count="11" type="stmt"/>
        <line num="26" count="11" type="stmt"/>
        <line num="28" count="0" type="stmt"/>
        <line num="32" count="7" type="stmt"/>
        <line num="33" count="1" type="stmt"/>
        <line num="34" count="1" type="stmt"/>
        <line num="35" count="1" type="stmt"/>
        <line num="37" count="0" type="stmt"/>
        <line num="41" count="7" type="stmt"/>
        <line num="42" count="1" type="stmt"/>
        <line num="43" count="1" type="stmt"/>
        <line num="44" count="1" type="stmt"/>
        <line num="46" count="0" type="stmt"/>
        <line num="50" count="7" type="stmt"/>
        <line num="51" count="1" type="stmt"/>
        <line num="52" count="1" type="stmt"/>
        <line num="53" count="1" type="stmt"/>
        <line num="55" count="0" type="stmt"/>
        <line num="59" count="7" type="stmt"/>
      </file>
      <file name="transfers.js" path="C:\Users\thiag\OneDrive\Documentos\GitHub\FinancialManager-Api\src\routes\transfers.js">
        <metrics statements="35" coveredstatements="30" conditionals="4" coveredconditionals="3" methods="7" coveredmethods="7"/>
        <line num="2" count="7" type="stmt"/>
        <line num="4" count="7" type="stmt"/>
        <line num="5" count="7" type="stmt"/>
        <line num="7" count="7" type="stmt"/>
        <line num="8" count="3" type="stmt"/>
        <line num="9" count="3" type="cond" truecount="1" falsecount="1"/>
        <line num="10" count="0" type="stmt"/>
        <line num="11" count="3" type="stmt"/>
        <line num="13" count="7" type="stmt"/>
        <line num="14" count="1" type="stmt"/>
        <line num="15" count="1" type="stmt"/>
        <line num="16" count="1" type="stmt"/>
        <line num="18" count="0" type="stmt"/>
        <line num="22" count="7" type="stmt"/>
        <line num="23" count="1" type="stmt"/>
        <line num="24" count="1" type="stmt"/>
        <line num="25" count="1" type="stmt"/>
        <line num="27" count="0" type="stmt"/>
        <line num="31" count="7" type="stmt"/>
        <line num="32" count="10" type="stmt"/>
        <line num="33" count="10" type="cond" truecount="2" falsecount="0"/>
        <line num="34" count="8" type="stmt"/>
        <line num="35" count="3" type="stmt"/>
        <line num="38" count="5" type="stmt"/>
        <line num="42" count="7" type="stmt"/>
        <line num="43" count="1" type="stmt"/>
        <line num="44" count="1" type="stmt"/>
        <line num="45" count="1" type="stmt"/>
        <line num="47" count="0" type="stmt"/>
        <line num="51" count="7" type="stmt"/>
        <line num="52" count="1" type="stmt"/>
        <line num="53" count="1" type="stmt"/>
        <line num="54" count="1" type="stmt"/>
        <line num="56" count="0" type="stmt"/>
        <line num="59" count="7" type="stmt"/>
      </file>
      <file name="users.js" path="C:\Users\thiag\OneDrive\Documentos\GitHub\FinancialManager-Api\src\routes\users.js">
        <metrics statements="12" coveredstatements="12" conditionals="0" coveredconditionals="0" methods="3" coveredmethods="3"/>
        <line num="2" count="7" type="stmt"/>
        <line num="4" count="7" type="stmt"/>
        <line num="5" count="7" type="stmt"/>
        <line num="7" count="7" type="stmt"/>
        <line num="8" count="1" type="stmt"/>
        <line num="9" count="1" type="stmt"/>
        <line num="11" count="7" type="stmt"/>
        <line num="12" count="7" type="stmt"/>
        <line num="13" count="7" type="stmt"/>
        <line num="14" count="2" type="stmt"/>
        <line num="16" count="5" type="stmt"/>
        <line num="19" count="7" type="stmt"/>
      </file>
    </package>
    <package name="FinancialManager-Api.src.seeds">
      <metrics statements="12" coveredstatements="12" conditionals="0" coveredconditionals="0" methods="2" coveredmethods="2"/>
      <file name="01_transfer.js" path="C:\Users\thiag\OneDrive\Documentos\GitHub\FinancialManager-Api\src\seeds\01_transfer.js">
        <metrics statements="9" coveredstatements="9" conditionals="0" coveredconditionals="0" methods="1" coveredmethods="1"/>
        <line num="6" count="1" type="stmt"/>
        <line num="8" count="1" type="stmt"/>
        <line num="9" count="1" type="stmt"/>
        <line num="10" count="1" type="stmt"/>
        <line num="11" count="1" type="stmt"/>
        <line num="12" count="1" type="stmt"/>
        <line num="16" count="1" type="stmt"/>
        <line num="22" count="1" type="stmt"/>
        <line num="26" count="1" type="stmt"/>
      </file>
      <file name="02_balance.js" path="C:\Users\thiag\OneDrive\Documentos\GitHub\FinancialManager-Api\src\seeds\02_balance.js">
        <metrics statements="3" coveredstatements="3" conditionals="0" coveredconditionals="0" methods="1" coveredmethods="1"/>
        <line num="6" count="1" type="stmt"/>
        <line num="7" count="1" type="stmt"/>
        <line num="11" count="1" type="stmt"/>
      </file>
    </package>
    <package name="FinancialManager-Api.src.services">
      <metrics statements="83" coveredstatements="83" conditionals="62" coveredconditionals="47" methods="27" coveredmethods="27"/>
      <file name="accounts.js" path="C:\Users\thiag\OneDrive\Documentos\GitHub\FinancialManager-Api\src\services\accounts.js">
        <metrics statements="15" coveredstatements="15" conditionals="10" coveredconditionals="8" methods="6" coveredmethods="6"/>
        <line num="3" count="7" type="stmt"/>
        <line num="7" count="7" type="stmt"/>
        <line num="8" count="7" type="cond" truecount="0" falsecount="1"/>
        <line num="9" count="11" type="cond" truecount="0" falsecount="1"/>
        <line num="11" count="7" type="stmt"/>
        <line num="12" count="5" type="cond" truecount="4" falsecount="0"/>
        <line num="13" count="4" type="stmt"/>
        <line num="14" count="4" type="cond" truecount="2" falsecount="0"/>
        <line num="15" count="3" type="stmt"/>
        <line num="18" count="7" type="stmt"/>
        <line num="22" count="7" type="stmt"/>
        <line num="23" count="2" type="stmt"/>
        <line num="24" count="2" type="cond" truecount="2" falsecount="0"/>
        <line num="25" count="1" type="stmt"/>
        <line num="29" count="7" type="stmt"/>
      </file>
      <file name="balance.js" path="C:\Users\thiag\OneDrive\Documentos\GitHub\FinancialManager-Api\src\services\balance.js">
        <metrics statements="3" coveredstatements="3" conditionals="0" coveredconditionals="0" methods="2" coveredmethods="2"/>
        <line num="3" count="7" type="stmt"/>
        <line num="4" count="9" type="stmt"/>
        <line num="12" count="7" type="stmt"/>
      </file>
      <file name="transaction.js" path="C:\Users\thiag\OneDrive\Documentos\GitHub\FinancialManager-Api\src\services\transaction.js">
        <metrics statements="18" coveredstatements="18" conditionals="22" coveredconditionals="15" methods="6" coveredmethods="6"/>
        <line num="1" count="7" type="stmt"/>
        <line num="5" count="7" type="stmt"/>
        <line num="6" count="7" type="cond" truecount="1" falsecount="0"/>
        <line num="12" count="7" type="cond" truecount="0" falsecount="1"/>
        <line num="13" count="7" type="stmt"/>
        <line num="14" count="11" type="cond" truecount="1" falsecount="1"/>
        <line num="15" count="11" type="cond" truecount="1" falsecount="1"/>
        <line num="16" count="11" type="cond" truecount="3" falsecount="1"/>
        <line num="17" count="11" type="cond" truecount="1" falsecount="1"/>
        <line num="18" count="11" type="cond" truecount="1" falsecount="1"/>
        <line num="19" count="11" type="cond" truecount="1" falsecount="1"/>
        <line num="20" count="11" type="stmt"/>
        <line num="21" count="11" type="cond" truecount="6" falsecount="0"/>
        <line num="23" count="5" type="stmt"/>
        <line num="25" count="11" type="stmt"/>
        <line num="27" count="7" type="stmt"/>
        <line num="31" count="7" type="stmt"/>
        <line num="33" count="7" type="stmt"/>
      </file>
      <file name="transfer.js" path="C:\Users\thiag\OneDrive\Documentos\GitHub\FinancialManager-Api\src\services\transfer.js">
        <metrics statements="29" coveredstatements="29" conditionals="16" coveredconditionals="12" methods="7" coveredmethods="7"/>
        <line num="1" count="7" type="stmt"/>
        <line num="3" count="7" type="stmt"/>
        <line num="4" count="7" type="stmt"/>
        <line num="5" count="9" type="cond" truecount="2" falsecount="0"/>
        <line num="6" count="8" type="cond" truecount="2" falsecount="0"/>
        <line num="7" count="7" type="cond" truecount="2" falsecount="0"/>
        <line num="8" count="6" type="cond" truecount="2" falsecount="0"/>
        <line num="9" count="5" type="cond" truecount="2" falsecount="0"/>
        <line num="10" count="4" type="cond" truecount="1" falsecount="1"/>
        <line num="11" count="4" type="cond" truecount="1" falsecount="1"/>
        <line num="14" count="7" type="cond" truecount="0" falsecount="1"/>
        <line num="15" count="7" type="cond" truecount="0" falsecount="1"/>
        <line num="16" count="7" type="stmt"/>
        <line num="17" count="1" type="stmt"/>
        <line num="18" count="1" type="stmt"/>
        <line num="21" count="7" type="stmt"/>
        <line num="22" count="8" type="stmt"/>
        <line num="23" count="3" type="stmt"/>
        <line num="24" count="3" type="stmt"/>
        <line num="46" count="3" type="stmt"/>
        <line num="47" count="3" type="stmt"/>
        <line num="50" count="7" type="stmt"/>
        <line num="51" count="1" type="stmt"/>
        <line num="52" count="1" type="stmt"/>
        <line num="56" count="1" type="stmt"/>
        <line num="77" count="1" type="stmt"/>
        <line num="78" count="1" type="stmt"/>
        <line num="79" count="1" type="stmt"/>
        <line num="81" count="7" type="stmt"/>
      </file>
      <file name="user.js" path="C:\Users\thiag\OneDrive\Documentos\GitHub\FinancialManager-Api\src\services\user.js">
        <metrics statements="18" coveredstatements="18" conditionals="14" coveredconditionals="12" methods="6" coveredmethods="6"/>
        <line num="2" count="7" type="stmt"/>
        <line num="3" count="7" type="stmt"/>
        <line num="5" count="7" type="stmt"/>
        <line num="6" count="7" type="stmt"/>
        <line num="10" count="72" type="cond" truecount="0" falsecount="1"/>
        <line num="11" count="7" type="cond" truecount="0" falsecount="1"/>
        <line num="12" count="7" type="stmt"/>
        <line num="13" count="11" type="stmt"/>
        <line num="14" count="11" type="stmt"/>
        <line num="17" count="7" type="stmt"/>
        <line num="18" count="16" type="cond" truecount="4" falsecount="0"/>
        <line num="19" count="14" type="cond" truecount="2" falsecount="0"/>
        <line num="20" count="13" type="cond" truecount="4" falsecount="0"/>
        <line num="21" count="12" type="stmt"/>
        <line num="22" count="12" type="cond" truecount="2" falsecount="0"/>
        <line num="24" count="11" type="stmt"/>
        <line num="25" count="11" type="stmt"/>
        <line num="27" count="7" type="stmt"/>
      </file>
    </package>
  </project>
</coverage>
