{"C:\\Users\\thiag\\OneDrive\\Documentos\\GitHub\\FinancialManager-Api\\knexfile.js": {"path":"C:\\Users\\thiag\\OneDrive\\Documentos\\GitHub\\FinancialManager-Api\\knexfile.js","statementMap":{"0":{"start":{"line":1,"column":0},"end":{"line":31,"column":2}}},"fnMap":{},"branchMap":{},"s":{"0":7},"f":{},"b":{},"_coverageSchema":"1a1c01bbd47fc00a2c39e90264f33305004495a9","hash":"4d58dd67fa2f1d1848bc4f2cdd53d9900fdb8c55"}
,"C:\\Users\\thiag\\OneDrive\\Documentos\\GitHub\\FinancialManager-Api\\src\\server.js": {"path":"C:\\Users\\thiag\\OneDrive\\Documentos\\GitHub\\FinancialManager-Api\\src\\server.js","statementMap":{"0":{"start":{"line":1,"column":12},"end":{"line":1,"column":32}},"1":{"start":{"line":2,"column":16},"end":{"line":2,"column":34}},"2":{"start":{"line":3,"column":13},"end":{"line":3,"column":28}},"3":{"start":{"line":4,"column":16},"end":{"line":4,"column":34}},"4":{"start":{"line":5,"column":23},"end":{"line":5,"column":38}},"5":{"start":{"line":7,"column":17},"end":{"line":7,"column":39}},"6":{"start":{"line":9,"column":0},"end":{"line":9,"column":46}},"7":{"start":{"line":12,"column":0},"end":{"line":22,"column":3}},"8":{"start":{"line":24,"column":0},"end":{"line":30,"column":13}},"9":{"start":{"line":32,"column":0},"end":{"line":34,"column":3}},"10":{"start":{"line":33,"column":2},"end":{"line":33,"column":25}},"11":{"start":{"line":36,"column":0},"end":{"line":38,"column":3}},"12":{"start":{"line":37,"column":2},"end":{"line":37,"column":37}},"13":{"start":{"line":40,"column":0},"end":{"line":51,"column":3}},"14":{"start":{"line":41,"column":35},"end":{"line":41,"column":38}},"15":{"start":{"line":42,"column":2},"end":{"line":49,"column":3}},"16":{"start":{"line":42,"column":34},"end":{"line":42,"column":82}},"17":{"start":{"line":44,"column":15},"end":{"line":44,"column":23}},"18":{"start":{"line":45,"column":4},"end":{"line":47,"column":7}},"19":{"start":{"line":48,"column":4},"end":{"line":48,"column":65}},"20":{"start":{"line":50,"column":2},"end":{"line":50,"column":9}},"21":{"start":{"line":55,"column":0},"end":{"line":55,"column":21}}},"fnMap":{"0":{"name":"(anonymous_0)","decl":{"start":{"line":32,"column":13},"end":{"line":32,"column":14}},"loc":{"start":{"line":32,"column":27},"end":{"line":34,"column":1}},"line":32},"1":{"name":"(anonymous_1)","decl":{"start":{"line":36,"column":8},"end":{"line":36,"column":9}},"loc":{"start":{"line":36,"column":22},"end":{"line":38,"column":1}},"line":36},"2":{"name":"(anonymous_2)","decl":{"start":{"line":40,"column":8},"end":{"line":40,"column":9}},"loc":{"start":{"line":40,"column":33},"end":{"line":51,"column":1}},"line":40}},"branchMap":{"0":{"loc":{"start":{"line":42,"column":2},"end":{"line":49,"column":3}},"type":"if","locations":[{"start":{"line":42,"column":2},"end":{"line":49,"column":3}},{"start":{"line":43,"column":7},"end":{"line":49,"column":3}}],"line":42}},"s":{"0":7,"1":7,"2":7,"3":7,"4":7,"5":7,"6":7,"7":7,"8":7,"9":7,"10":0,"11":7,"12":2,"13":7,"14":13,"15":13,"16":13,"17":0,"18":0,"19":0,"20":13,"21":7},"f":{"0":0,"1":2,"2":13},"b":{"0":[13,0]},"_coverageSchema":"1a1c01bbd47fc00a2c39e90264f33305004495a9","hash":"f93896b42bc2da80264fbdc3382a4be01204aad4"}
,"C:\\Users\\thiag\\OneDrive\\Documentos\\GitHub\\FinancialManager-Api\\src\\config\\middlewares.js": {"path":"C:\\Users\\thiag\\OneDrive\\Documentos\\GitHub\\FinancialManager-Api\\src\\config\\middlewares.js","statementMap":{"0":{"start":{"line":1,"column":19},"end":{"line":1,"column":41}},"1":{"start":{"line":2,"column":13},"end":{"line":2,"column":28}},"2":{"start":{"line":4,"column":0},"end":{"line":7,"column":2}},"3":{"start":{"line":5,"column":2},"end":{"line":5,"column":29}},"4":{"start":{"line":6,"column":2},"end":{"line":6,"column":33}}},"fnMap":{"0":{"name":"(anonymous_0)","decl":{"start":{"line":4,"column":17},"end":{"line":4,"column":18}},"loc":{"start":{"line":4,"column":26},"end":{"line":7,"column":1}},"line":4}},"branchMap":{},"s":{"0":7,"1":7,"2":7,"3":7,"4":7},"f":{"0":7},"b":{},"_coverageSchema":"1a1c01bbd47fc00a2c39e90264f33305004495a9","hash":"7af3b16f603a2457cb53feb44bb62228783c943c"}
,"C:\\Users\\thiag\\OneDrive\\Documentos\\GitHub\\FinancialManager-Api\\src\\config\\passport.js": {"path":"C:\\Users\\thiag\\OneDrive\\Documentos\\GitHub\\FinancialManager-Api\\src\\config\\passport.js","statementMap":{"0":{"start":{"line":1,"column":17},"end":{"line":1,"column":36}},"1":{"start":{"line":2,"column":20},"end":{"line":2,"column":43}},"2":{"start":{"line":4,"column":15},"end":{"line":4,"column":23}},"3":{"start":{"line":6,"column":33},"end":{"line":6,"column":44}},"4":{"start":{"line":8,"column":0},"end":{"line":24,"column":2}},"5":{"start":{"line":9,"column":17},"end":{"line":12,"column":3}},"6":{"start":{"line":13,"column":19},"end":{"line":19,"column":4}},"7":{"start":{"line":14,"column":4},"end":{"line":18,"column":42}},"8":{"start":{"line":16,"column":8},"end":{"line":17,"column":31}},"9":{"start":{"line":16,"column":18},"end":{"line":16,"column":45}},"10":{"start":{"line":17,"column":13},"end":{"line":17,"column":31}},"11":{"start":{"line":18,"column":24},"end":{"line":18,"column":40}},"12":{"start":{"line":21,"column":2},"end":{"line":21,"column":25}},"13":{"start":{"line":23,"column":2},"end":{"line":23,"column":82}},"14":{"start":{"line":23,"column":31},"end":{"line":23,"column":79}}},"fnMap":{"0":{"name":"(anonymous_0)","decl":{"start":{"line":8,"column":17},"end":{"line":8,"column":18}},"loc":{"start":{"line":8,"column":26},"end":{"line":24,"column":1}},"line":8},"1":{"name":"(anonymous_1)","decl":{"start":{"line":13,"column":40},"end":{"line":13,"column":41}},"loc":{"start":{"line":13,"column":59},"end":{"line":19,"column":3}},"line":13},"2":{"name":"(anonymous_2)","decl":{"start":{"line":15,"column":12},"end":{"line":15,"column":13}},"loc":{"start":{"line":15,"column":22},"end":{"line":18,"column":7}},"line":15},"3":{"name":"(anonymous_3)","decl":{"start":{"line":18,"column":15},"end":{"line":18,"column":16}},"loc":{"start":{"line":18,"column":24},"end":{"line":18,"column":40}},"line":18},"4":{"name":"(anonymous_4)","decl":{"start":{"line":23,"column":25},"end":{"line":23,"column":26}},"loc":{"start":{"line":23,"column":31},"end":{"line":23,"column":79}},"line":23}},"branchMap":{"0":{"loc":{"start":{"line":16,"column":8},"end":{"line":17,"column":31}},"type":"if","locations":[{"start":{"line":16,"column":8},"end":{"line":17,"column":31}},{"start":{"line":17,"column":13},"end":{"line":17,"column":31}}],"line":16}},"s":{"0":7,"1":7,"2":7,"3":7,"4":7,"5":7,"6":7,"7":57,"8":57,"9":57,"10":0,"11":0,"12":7,"13":7,"14":7},"f":{"0":7,"1":57,"2":57,"3":0,"4":7},"b":{"0":[57,0]},"_coverageSchema":"1a1c01bbd47fc00a2c39e90264f33305004495a9","hash":"69b1f7445aac59cd689b94f27af98b9797fb786e"}
,"C:\\Users\\thiag\\OneDrive\\Documentos\\GitHub\\FinancialManager-Api\\src\\config\\router.js": {"path":"C:\\Users\\thiag\\OneDrive\\Documentos\\GitHub\\FinancialManager-Api\\src\\config\\router.js","statementMap":{"0":{"start":{"line":1,"column":16},"end":{"line":1,"column":34}},"1":{"start":{"line":3,"column":0},"end":{"line":13,"column":2}},"2":{"start":{"line":4,"column":2},"end":{"line":4,"column":36}},"3":{"start":{"line":5,"column":26},"end":{"line":5,"column":42}},"4":{"start":{"line":7,"column":2},"end":{"line":7,"column":50}},"5":{"start":{"line":8,"column":2},"end":{"line":8,"column":56}},"6":{"start":{"line":9,"column":2},"end":{"line":9,"column":64}},"7":{"start":{"line":10,"column":2},"end":{"line":10,"column":58}},"8":{"start":{"line":11,"column":2},"end":{"line":11,"column":54}},"9":{"start":{"line":12,"column":2},"end":{"line":12,"column":70}}},"fnMap":{"0":{"name":"(anonymous_0)","decl":{"start":{"line":3,"column":17},"end":{"line":3,"column":18}},"loc":{"start":{"line":3,"column":26},"end":{"line":13,"column":1}},"line":3}},"branchMap":{},"s":{"0":7,"1":7,"2":7,"3":7,"4":7,"5":7,"6":7,"7":7,"8":7,"9":7},"f":{"0":7},"b":{},"_coverageSchema":"1a1c01bbd47fc00a2c39e90264f33305004495a9","hash":"184214cbd149e9582e7aa60676199a10aaf22557"}
,"C:\\Users\\thiag\\OneDrive\\Documentos\\GitHub\\FinancialManager-Api\\src\\errors\\forbiddenErrror.js": {"path":"C:\\Users\\thiag\\OneDrive\\Documentos\\GitHub\\FinancialManager-Api\\src\\errors\\forbiddenErrror.js","statementMap":{"0":{"start":{"line":1,"column":0},"end":{"line":4,"column":2}},"1":{"start":{"line":2,"column":2},"end":{"line":2,"column":31}},"2":{"start":{"line":3,"column":2},"end":{"line":3,"column":25}}},"fnMap":{"0":{"name":"ForbiddenError","decl":{"start":{"line":1,"column":26},"end":{"line":1,"column":40}},"loc":{"start":{"line":1,"column":50},"end":{"line":4,"column":1}},"line":1}},"branchMap":{},"s":{"0":7,"1":1,"2":1},"f":{"0":1},"b":{},"_coverageSchema":"1a1c01bbd47fc00a2c39e90264f33305004495a9","hash":"ac75cdde86a18433de4226b355d368799022498c"}
,"C:\\Users\\thiag\\OneDrive\\Documentos\\GitHub\\FinancialManager-Api\\src\\errors\\validationErrors.js": {"path":"C:\\Users\\thiag\\OneDrive\\Documentos\\GitHub\\FinancialManager-Api\\src\\errors\\validationErrors.js","statementMap":{"0":{"start":{"line":1,"column":0},"end":{"line":4,"column":2}},"1":{"start":{"line":2,"column":2},"end":{"line":2,"column":32}},"2":{"start":{"line":3,"column":2},"end":{"line":3,"column":25}}},"fnMap":{"0":{"name":"ValidationError","decl":{"start":{"line":1,"column":26},"end":{"line":1,"column":41}},"loc":{"start":{"line":1,"column":51},"end":{"line":4,"column":1}},"line":1}},"branchMap":{},"s":{"0":7,"1":13,"2":13},"f":{"0":13},"b":{},"_coverageSchema":"1a1c01bbd47fc00a2c39e90264f33305004495a9","hash":"b46b86304ed6753e93bf7fe8c20f78a86a6b87d0"}
,"C:\\Users\\thiag\\OneDrive\\Documentos\\GitHub\\FinancialManager-Api\\src\\routes\\accounts.js": {"path":"C:\\Users\\thiag\\OneDrive\\Documentos\\GitHub\\FinancialManager-Api\\src\\routes\\accounts.js","statementMap":{"0":{"start":{"line":1,"column":16},"end":{"line":1,"column":34}},"1":{"start":{"line":3,"column":0},"end":{"line":61,"column":2}},"2":{"start":{"line":4,"column":17},"end":{"line":4,"column":33}},"3":{"start":{"line":6,"column":2},"end":{"line":12,"column":5}},"4":{"start":{"line":7,"column":19},"end":{"line":7,"column":74}},"5":{"start":{"line":8,"column":4},"end":{"line":10,"column":5}},"6":{"start":{"line":9,"column":6},"end":{"line":9,"column":65}},"7":{"start":{"line":11,"column":4},"end":{"line":11,"column":11}},"8":{"start":{"line":13,"column":2},"end":{"line":21,"column":5}},"9":{"start":{"line":14,"column":4},"end":{"line":20,"column":5}},"10":{"start":{"line":16,"column":21},"end":{"line":16,"column":92}},"11":{"start":{"line":17,"column":6},"end":{"line":17,"column":35}},"12":{"start":{"line":19,"column":6},"end":{"line":19,"column":16}},"13":{"start":{"line":23,"column":2},"end":{"line":32,"column":5}},"14":{"start":{"line":24,"column":4},"end":{"line":31,"column":5}},"15":{"start":{"line":25,"column":21},"end":{"line":25,"column":82}},"16":{"start":{"line":26,"column":6},"end":{"line":28,"column":7}},"17":{"start":{"line":27,"column":8},"end":{"line":27,"column":37}},"18":{"start":{"line":30,"column":6},"end":{"line":30,"column":16}},"19":{"start":{"line":34,"column":2},"end":{"line":41,"column":5}},"20":{"start":{"line":35,"column":4},"end":{"line":40,"column":5}},"21":{"start":{"line":36,"column":21},"end":{"line":36,"column":76}},"22":{"start":{"line":37,"column":6},"end":{"line":37,"column":35}},"23":{"start":{"line":39,"column":6},"end":{"line":39,"column":16}},"24":{"start":{"line":43,"column":2},"end":{"line":50,"column":5}},"25":{"start":{"line":44,"column":4},"end":{"line":49,"column":5}},"26":{"start":{"line":45,"column":21},"end":{"line":45,"column":80}},"27":{"start":{"line":46,"column":6},"end":{"line":46,"column":35}},"28":{"start":{"line":48,"column":6},"end":{"line":48,"column":16}},"29":{"start":{"line":52,"column":2},"end":{"line":59,"column":5}},"30":{"start":{"line":53,"column":4},"end":{"line":58,"column":5}},"31":{"start":{"line":54,"column":21},"end":{"line":54,"column":70}},"32":{"start":{"line":55,"column":6},"end":{"line":55,"column":35}},"33":{"start":{"line":57,"column":6},"end":{"line":57,"column":16}},"34":{"start":{"line":60,"column":2},"end":{"line":60,"column":16}}},"fnMap":{"0":{"name":"(anonymous_0)","decl":{"start":{"line":3,"column":17},"end":{"line":3,"column":18}},"loc":{"start":{"line":3,"column":26},"end":{"line":61,"column":1}},"line":3},"1":{"name":"(anonymous_1)","decl":{"start":{"line":6,"column":21},"end":{"line":6,"column":22}},"loc":{"start":{"line":6,"column":47},"end":{"line":12,"column":3}},"line":6},"2":{"name":"(anonymous_2)","decl":{"start":{"line":13,"column":19},"end":{"line":13,"column":20}},"loc":{"start":{"line":13,"column":45},"end":{"line":21,"column":3}},"line":13},"3":{"name":"(anonymous_3)","decl":{"start":{"line":23,"column":18},"end":{"line":23,"column":19}},"loc":{"start":{"line":23,"column":44},"end":{"line":32,"column":3}},"line":23},"4":{"name":"(anonymous_4)","decl":{"start":{"line":34,"column":21},"end":{"line":34,"column":22}},"loc":{"start":{"line":34,"column":47},"end":{"line":41,"column":3}},"line":34},"5":{"name":"(anonymous_5)","decl":{"start":{"line":43,"column":21},"end":{"line":43,"column":22}},"loc":{"start":{"line":43,"column":47},"end":{"line":50,"column":3}},"line":43},"6":{"name":"(anonymous_6)","decl":{"start":{"line":52,"column":24},"end":{"line":52,"column":25}},"loc":{"start":{"line":52,"column":50},"end":{"line":59,"column":3}},"line":52}},"branchMap":{"0":{"loc":{"start":{"line":8,"column":4},"end":{"line":10,"column":5}},"type":"if","locations":[{"start":{"line":8,"column":4},"end":{"line":10,"column":5}},{"start":{},"end":{}}],"line":8},"1":{"loc":{"start":{"line":26,"column":6},"end":{"line":28,"column":7}},"type":"if","locations":[{"start":{"line":26,"column":6},"end":{"line":28,"column":7}},{"start":{},"end":{}}],"line":26}},"s":{"0":7,"1":7,"2":7,"3":7,"4":6,"5":6,"6":2,"7":4,"8":7,"9":3,"10":3,"11":1,"12":2,"13":7,"14":1,"15":1,"16":1,"17":1,"18":0,"19":7,"20":1,"21":1,"22":1,"23":0,"24":7,"25":1,"26":1,"27":1,"28":0,"29":7,"30":2,"31":2,"32":1,"33":1,"34":7},"f":{"0":7,"1":6,"2":3,"3":1,"4":1,"5":1,"6":2},"b":{"0":[2,4],"1":[1,0]},"_coverageSchema":"1a1c01bbd47fc00a2c39e90264f33305004495a9","hash":"b6c79aa361ecf2afd99c48d561cb15295892a87d"}
,"C:\\Users\\thiag\\OneDrive\\Documentos\\GitHub\\FinancialManager-Api\\src\\routes\\auth.js": {"path":"C:\\Users\\thiag\\OneDrive\\Documentos\\GitHub\\FinancialManager-Api\\src\\routes\\auth.js","statementMap":{"0":{"start":{"line":1,"column":16},"end":{"line":1,"column":34}},"1":{"start":{"line":2,"column":12},"end":{"line":2,"column":33}},"2":{"start":{"line":3,"column":15},"end":{"line":3,"column":32}},"3":{"start":{"line":4,"column":23},"end":{"line":4,"column":59}},"4":{"start":{"line":6,"column":15},"end":{"line":6,"column":23}},"5":{"start":{"line":8,"column":0},"end":{"line":38,"column":2}},"6":{"start":{"line":9,"column":17},"end":{"line":9,"column":33}},"7":{"start":{"line":11,"column":2},"end":{"line":26,"column":5}},"8":{"start":{"line":12,"column":4},"end":{"line":25,"column":9}},"9":{"start":{"line":14,"column":8},"end":{"line":22,"column":56}},"10":{"start":{"line":15,"column":26},"end":{"line":19,"column":11}},"11":{"start":{"line":20,"column":24},"end":{"line":20,"column":51}},"12":{"start":{"line":21,"column":10},"end":{"line":21,"column":42}},"13":{"start":{"line":22,"column":15},"end":{"line":22,"column":56}},"14":{"start":{"line":24,"column":8},"end":{"line":24,"column":18}},"15":{"start":{"line":28,"column":2},"end":{"line":35,"column":5}},"16":{"start":{"line":29,"column":4},"end":{"line":34,"column":5}},"17":{"start":{"line":30,"column":21},"end":{"line":30,"column":59}},"18":{"start":{"line":31,"column":6},"end":{"line":31,"column":38}},"19":{"start":{"line":33,"column":6},"end":{"line":33,"column":16}},"20":{"start":{"line":37,"column":2},"end":{"line":37,"column":16}}},"fnMap":{"0":{"name":"(anonymous_0)","decl":{"start":{"line":8,"column":17},"end":{"line":8,"column":18}},"loc":{"start":{"line":8,"column":26},"end":{"line":38,"column":1}},"line":8},"1":{"name":"(anonymous_1)","decl":{"start":{"line":11,"column":25},"end":{"line":11,"column":26}},"loc":{"start":{"line":11,"column":45},"end":{"line":26,"column":3}},"line":11},"2":{"name":"(anonymous_2)","decl":{"start":{"line":13,"column":12},"end":{"line":13,"column":13}},"loc":{"start":{"line":13,"column":24},"end":{"line":23,"column":7}},"line":13},"3":{"name":"(anonymous_3)","decl":{"start":{"line":23,"column":15},"end":{"line":23,"column":16}},"loc":{"start":{"line":23,"column":24},"end":{"line":25,"column":7}},"line":23},"4":{"name":"(anonymous_4)","decl":{"start":{"line":28,"column":25},"end":{"line":28,"column":26}},"loc":{"start":{"line":28,"column":51},"end":{"line":35,"column":3}},"line":28}},"branchMap":{"0":{"loc":{"start":{"line":14,"column":8},"end":{"line":22,"column":56}},"type":"if","locations":[{"start":{"line":14,"column":8},"end":{"line":22,"column":56}},{"start":{"line":22,"column":15},"end":{"line":22,"column":56}}],"line":14}},"s":{"0":7,"1":7,"2":7,"3":7,"4":7,"5":7,"6":7,"7":7,"8":2,"9":2,"10":1,"11":1,"12":1,"13":1,"14":1,"15":7,"16":0,"17":0,"18":0,"19":0,"20":7},"f":{"0":7,"1":2,"2":2,"3":1,"4":0},"b":{"0":[1,1]},"_coverageSchema":"1a1c01bbd47fc00a2c39e90264f33305004495a9","hash":"cdc8463fe1e43d0534f14b0ef7237c47eca0c2bf"}
,"C:\\Users\\thiag\\OneDrive\\Documentos\\GitHub\\FinancialManager-Api\\src\\routes\\balance.js": {"path":"C:\\Users\\thiag\\OneDrive\\Documentos\\GitHub\\FinancialManager-Api\\src\\routes\\balance.js","statementMap":{"0":{"start":{"line":2,"column":16},"end":{"line":2,"column":34}},"1":{"start":{"line":4,"column":0},"end":{"line":16,"column":2}},"2":{"start":{"line":5,"column":17},"end":{"line":5,"column":33}},"3":{"start":{"line":7,"column":2},"end":{"line":14,"column":5}},"4":{"start":{"line":8,"column":4},"end":{"line":13,"column":5}},"5":{"start":{"line":9,"column":21},"end":{"line":9,"column":71}},"6":{"start":{"line":10,"column":6},"end":{"line":10,"column":35}},"7":{"start":{"line":12,"column":6},"end":{"line":12,"column":16}},"8":{"start":{"line":15,"column":2},"end":{"line":15,"column":16}}},"fnMap":{"0":{"name":"(anonymous_0)","decl":{"start":{"line":4,"column":17},"end":{"line":4,"column":18}},"loc":{"start":{"line":4,"column":26},"end":{"line":16,"column":1}},"line":4},"1":{"name":"(anonymous_1)","decl":{"start":{"line":7,"column":18},"end":{"line":7,"column":19}},"loc":{"start":{"line":7,"column":44},"end":{"line":14,"column":3}},"line":7}},"branchMap":{},"s":{"0":7,"1":7,"2":7,"3":7,"4":9,"5":9,"6":9,"7":0,"8":7},"f":{"0":7,"1":9},"b":{},"_coverageSchema":"1a1c01bbd47fc00a2c39e90264f33305004495a9","hash":"2e5e48d3c2cf125f22ebb4997751ce578ad5be62"}
,"C:\\Users\\thiag\\OneDrive\\Documentos\\GitHub\\FinancialManager-Api\\src\\routes\\transactions.js": {"path":"C:\\Users\\thiag\\OneDrive\\Documentos\\GitHub\\FinancialManager-Api\\src\\routes\\transactions.js","statementMap":{"0":{"start":{"line":3,"column":16},"end":{"line":3,"column":34}},"1":{"start":{"line":5,"column":0},"end":{"line":60,"column":2}},"2":{"start":{"line":6,"column":17},"end":{"line":6,"column":33}},"3":{"start":{"line":8,"column":2},"end":{"line":12,"column":5}},"4":{"start":{"line":9,"column":19},"end":{"line":9,"column":101}},"5":{"start":{"line":10,"column":4},"end":{"line":11,"column":68}},"6":{"start":{"line":10,"column":27},"end":{"line":10,"column":34}},"7":{"start":{"line":11,"column":9},"end":{"line":11,"column":68}},"8":{"start":{"line":14,"column":2},"end":{"line":21,"column":5}},"9":{"start":{"line":15,"column":4},"end":{"line":20,"column":5}},"10":{"start":{"line":16,"column":21},"end":{"line":16,"column":77}},"11":{"start":{"line":17,"column":6},"end":{"line":17,"column":35}},"12":{"start":{"line":19,"column":6},"end":{"line":19,"column":16}},"13":{"start":{"line":23,"column":2},"end":{"line":30,"column":5}},"14":{"start":{"line":24,"column":4},"end":{"line":29,"column":5}},"15":{"start":{"line":25,"column":21},"end":{"line":25,"column":66}},"16":{"start":{"line":26,"column":6},"end":{"line":26,"column":35}},"17":{"start":{"line":28,"column":6},"end":{"line":28,"column":16}},"18":{"start":{"line":32,"column":2},"end":{"line":39,"column":5}},"19":{"start":{"line":33,"column":4},"end":{"line":38,"column":5}},"20":{"start":{"line":34,"column":21},"end":{"line":34,"column":82}},"21":{"start":{"line":35,"column":6},"end":{"line":35,"column":35}},"22":{"start":{"line":37,"column":6},"end":{"line":37,"column":16}},"23":{"start":{"line":41,"column":2},"end":{"line":48,"column":5}},"24":{"start":{"line":42,"column":4},"end":{"line":47,"column":5}},"25":{"start":{"line":43,"column":21},"end":{"line":43,"column":83}},"26":{"start":{"line":44,"column":6},"end":{"line":44,"column":35}},"27":{"start":{"line":46,"column":6},"end":{"line":46,"column":16}},"28":{"start":{"line":50,"column":2},"end":{"line":57,"column":5}},"29":{"start":{"line":51,"column":4},"end":{"line":56,"column":5}},"30":{"start":{"line":52,"column":21},"end":{"line":52,"column":73}},"31":{"start":{"line":53,"column":6},"end":{"line":53,"column":35}},"32":{"start":{"line":55,"column":6},"end":{"line":55,"column":16}},"33":{"start":{"line":59,"column":2},"end":{"line":59,"column":16}}},"fnMap":{"0":{"name":"(anonymous_0)","decl":{"start":{"line":5,"column":17},"end":{"line":5,"column":18}},"loc":{"start":{"line":5,"column":26},"end":{"line":60,"column":1}},"line":5},"1":{"name":"(anonymous_1)","decl":{"start":{"line":8,"column":21},"end":{"line":8,"column":22}},"loc":{"start":{"line":8,"column":47},"end":{"line":12,"column":3}},"line":8},"2":{"name":"(anonymous_2)","decl":{"start":{"line":14,"column":18},"end":{"line":14,"column":19}},"loc":{"start":{"line":14,"column":44},"end":{"line":21,"column":3}},"line":14},"3":{"name":"(anonymous_3)","decl":{"start":{"line":23,"column":19},"end":{"line":23,"column":20}},"loc":{"start":{"line":23,"column":45},"end":{"line":30,"column":3}},"line":23},"4":{"name":"(anonymous_4)","decl":{"start":{"line":32,"column":21},"end":{"line":32,"column":22}},"loc":{"start":{"line":32,"column":47},"end":{"line":39,"column":3}},"line":32},"5":{"name":"(anonymous_5)","decl":{"start":{"line":41,"column":21},"end":{"line":41,"column":22}},"loc":{"start":{"line":41,"column":47},"end":{"line":48,"column":3}},"line":41},"6":{"name":"(anonymous_6)","decl":{"start":{"line":50,"column":24},"end":{"line":50,"column":25}},"loc":{"start":{"line":50,"column":50},"end":{"line":57,"column":3}},"line":50}},"branchMap":{"0":{"loc":{"start":{"line":10,"column":4},"end":{"line":11,"column":68}},"type":"if","locations":[{"start":{"line":10,"column":4},"end":{"line":11,"column":68}},{"start":{"line":11,"column":9},"end":{"line":11,"column":68}}],"line":10}},"s":{"0":7,"1":7,"2":7,"3":7,"4":4,"5":4,"6":3,"7":1,"8":7,"9":1,"10":1,"11":1,"12":0,"13":7,"14":11,"15":11,"16":11,"17":0,"18":7,"19":1,"20":1,"21":1,"22":0,"23":7,"24":1,"25":1,"26":1,"27":0,"28":7,"29":1,"30":1,"31":1,"32":0,"33":7},"f":{"0":7,"1":4,"2":1,"3":11,"4":1,"5":1,"6":1},"b":{"0":[3,1]},"_coverageSchema":"1a1c01bbd47fc00a2c39e90264f33305004495a9","hash":"4483f0f657616019760d4af9978c732481dc675a"}
,"C:\\Users\\thiag\\OneDrive\\Documentos\\GitHub\\FinancialManager-Api\\src\\routes\\transfers.js": {"path":"C:\\Users\\thiag\\OneDrive\\Documentos\\GitHub\\FinancialManager-Api\\src\\routes\\transfers.js","statementMap":{"0":{"start":{"line":2,"column":16},"end":{"line":2,"column":34}},"1":{"start":{"line":4,"column":0},"end":{"line":60,"column":2}},"2":{"start":{"line":5,"column":17},"end":{"line":5,"column":33}},"3":{"start":{"line":7,"column":2},"end":{"line":12,"column":5}},"4":{"start":{"line":8,"column":19},"end":{"line":8,"column":74}},"5":{"start":{"line":9,"column":4},"end":{"line":11,"column":5}},"6":{"start":{"line":10,"column":6},"end":{"line":10,"column":65}},"7":{"start":{"line":11,"column":6},"end":{"line":11,"column":13}},"8":{"start":{"line":13,"column":2},"end":{"line":20,"column":5}},"9":{"start":{"line":14,"column":4},"end":{"line":19,"column":5}},"10":{"start":{"line":15,"column":23},"end":{"line":15,"column":84}},"11":{"start":{"line":16,"column":6},"end":{"line":16,"column":37}},"12":{"start":{"line":18,"column":6},"end":{"line":18,"column":16}},"13":{"start":{"line":22,"column":2},"end":{"line":29,"column":5}},"14":{"start":{"line":23,"column":4},"end":{"line":28,"column":5}},"15":{"start":{"line":24,"column":23},"end":{"line":24,"column":78}},"16":{"start":{"line":25,"column":6},"end":{"line":25,"column":37}},"17":{"start":{"line":27,"column":6},"end":{"line":27,"column":16}},"18":{"start":{"line":31,"column":2},"end":{"line":40,"column":5}},"19":{"start":{"line":32,"column":4},"end":{"line":39,"column":5}},"20":{"start":{"line":33,"column":6},"end":{"line":36,"column":7}},"21":{"start":{"line":34,"column":25},"end":{"line":34,"column":67}},"22":{"start":{"line":35,"column":8},"end":{"line":35,"column":39}},"23":{"start":{"line":38,"column":6},"end":{"line":38,"column":16}},"24":{"start":{"line":42,"column":2},"end":{"line":49,"column":5}},"25":{"start":{"line":43,"column":4},"end":{"line":48,"column":5}},"26":{"start":{"line":44,"column":23},"end":{"line":44,"column":82}},"27":{"start":{"line":45,"column":6},"end":{"line":45,"column":37}},"28":{"start":{"line":47,"column":6},"end":{"line":47,"column":16}},"29":{"start":{"line":51,"column":2},"end":{"line":58,"column":5}},"30":{"start":{"line":52,"column":4},"end":{"line":57,"column":5}},"31":{"start":{"line":53,"column":21},"end":{"line":53,"column":70}},"32":{"start":{"line":54,"column":6},"end":{"line":54,"column":35}},"33":{"start":{"line":56,"column":6},"end":{"line":56,"column":16}},"34":{"start":{"line":59,"column":2},"end":{"line":59,"column":16}}},"fnMap":{"0":{"name":"(anonymous_0)","decl":{"start":{"line":4,"column":17},"end":{"line":4,"column":18}},"loc":{"start":{"line":4,"column":26},"end":{"line":60,"column":1}},"line":4},"1":{"name":"(anonymous_1)","decl":{"start":{"line":7,"column":21},"end":{"line":7,"column":22}},"loc":{"start":{"line":7,"column":47},"end":{"line":12,"column":3}},"line":7},"2":{"name":"(anonymous_2)","decl":{"start":{"line":13,"column":18},"end":{"line":13,"column":19}},"loc":{"start":{"line":13,"column":44},"end":{"line":20,"column":3}},"line":13},"3":{"name":"(anonymous_3)","decl":{"start":{"line":22,"column":21},"end":{"line":22,"column":22}},"loc":{"start":{"line":22,"column":47},"end":{"line":29,"column":3}},"line":22},"4":{"name":"(anonymous_4)","decl":{"start":{"line":31,"column":19},"end":{"line":31,"column":20}},"loc":{"start":{"line":31,"column":45},"end":{"line":40,"column":3}},"line":31},"5":{"name":"(anonymous_5)","decl":{"start":{"line":42,"column":21},"end":{"line":42,"column":22}},"loc":{"start":{"line":42,"column":47},"end":{"line":49,"column":3}},"line":42},"6":{"name":"(anonymous_6)","decl":{"start":{"line":51,"column":24},"end":{"line":51,"column":25}},"loc":{"start":{"line":51,"column":50},"end":{"line":58,"column":3}},"line":51}},"branchMap":{"0":{"loc":{"start":{"line":9,"column":4},"end":{"line":11,"column":5}},"type":"if","locations":[{"start":{"line":9,"column":4},"end":{"line":11,"column":5}},{"start":{},"end":{}}],"line":9},"1":{"loc":{"start":{"line":33,"column":6},"end":{"line":36,"column":7}},"type":"if","locations":[{"start":{"line":33,"column":6},"end":{"line":36,"column":7}},{"start":{},"end":{}}],"line":33}},"s":{"0":7,"1":7,"2":7,"3":7,"4":3,"5":3,"6":0,"7":3,"8":7,"9":1,"10":1,"11":1,"12":0,"13":7,"14":1,"15":1,"16":1,"17":0,"18":7,"19":10,"20":10,"21":8,"22":3,"23":5,"24":7,"25":1,"26":1,"27":1,"28":0,"29":7,"30":1,"31":1,"32":1,"33":0,"34":7},"f":{"0":7,"1":3,"2":1,"3":1,"4":10,"5":1,"6":1},"b":{"0":[0,3],"1":[8,2]},"_coverageSchema":"1a1c01bbd47fc00a2c39e90264f33305004495a9","hash":"66ba0eb4d5039a45a2b666331ea3e94c3e9e6543"}
,"C:\\Users\\thiag\\OneDrive\\Documentos\\GitHub\\FinancialManager-Api\\src\\routes\\users.js": {"path":"C:\\Users\\thiag\\OneDrive\\Documentos\\GitHub\\FinancialManager-Api\\src\\routes\\users.js","statementMap":{"0":{"start":{"line":2,"column":16},"end":{"line":2,"column":34}},"1":{"start":{"line":4,"column":0},"end":{"line":20,"column":2}},"2":{"start":{"line":5,"column":17},"end":{"line":5,"column":33}},"3":{"start":{"line":7,"column":2},"end":{"line":10,"column":5}},"4":{"start":{"line":8,"column":19},"end":{"line":8,"column":52}},"5":{"start":{"line":9,"column":4},"end":{"line":9,"column":33}},"6":{"start":{"line":11,"column":2},"end":{"line":18,"column":5}},"7":{"start":{"line":12,"column":4},"end":{"line":17,"column":5}},"8":{"start":{"line":13,"column":21},"end":{"line":13,"column":59}},"9":{"start":{"line":14,"column":6},"end":{"line":14,"column":38}},"10":{"start":{"line":16,"column":6},"end":{"line":16,"column":16}},"11":{"start":{"line":19,"column":2},"end":{"line":19,"column":16}}},"fnMap":{"0":{"name":"(anonymous_0)","decl":{"start":{"line":4,"column":17},"end":{"line":4,"column":18}},"loc":{"start":{"line":4,"column":26},"end":{"line":20,"column":1}},"line":4},"1":{"name":"(anonymous_1)","decl":{"start":{"line":7,"column":18},"end":{"line":7,"column":19}},"loc":{"start":{"line":7,"column":38},"end":{"line":10,"column":3}},"line":7},"2":{"name":"(anonymous_2)","decl":{"start":{"line":11,"column":19},"end":{"line":11,"column":20}},"loc":{"start":{"line":11,"column":45},"end":{"line":18,"column":3}},"line":11}},"branchMap":{},"s":{"0":7,"1":7,"2":7,"3":7,"4":1,"5":1,"6":7,"7":7,"8":7,"9":2,"10":5,"11":7},"f":{"0":7,"1":1,"2":7},"b":{},"_coverageSchema":"1a1c01bbd47fc00a2c39e90264f33305004495a9","hash":"63733b4f217bb57323a0cf93a5fa7e4b6c51451b"}
,"C:\\Users\\thiag\\OneDrive\\Documentos\\GitHub\\FinancialManager-Api\\src\\seeds\\01_transfer.js": {"path":"C:\\Users\\thiag\\OneDrive\\Documentos\\GitHub\\FinancialManager-Api\\src\\seeds\\01_transfer.js","statementMap":{"0":{"start":{"line":6,"column":0},"end":{"line":32,"column":2}},"1":{"start":{"line":8,"column":2},"end":{"line":8,"column":35}},"2":{"start":{"line":9,"column":2},"end":{"line":9,"column":32}},"3":{"start":{"line":10,"column":2},"end":{"line":10,"column":31}},"4":{"start":{"line":11,"column":2},"end":{"line":11,"column":28}},"5":{"start":{"line":12,"column":2},"end":{"line":15,"column":5}},"6":{"start":{"line":16,"column":2},"end":{"line":21,"column":5}},"7":{"start":{"line":22,"column":2},"end":{"line":25,"column":5}},"8":{"start":{"line":26,"column":2},"end":{"line":31,"column":5}}},"fnMap":{"0":{"name":"(anonymous_0)","decl":{"start":{"line":6,"column":15},"end":{"line":6,"column":16}},"loc":{"start":{"line":6,"column":31},"end":{"line":32,"column":1}},"line":6}},"branchMap":{},"s":{"0":1,"1":1,"2":1,"3":1,"4":1,"5":1,"6":1,"7":1,"8":1},"f":{"0":1},"b":{},"_coverageSchema":"1a1c01bbd47fc00a2c39e90264f33305004495a9","hash":"a74068712fb68934fded46d967b6014a8e5eb975"}
,"C:\\Users\\thiag\\OneDrive\\Documentos\\GitHub\\FinancialManager-Api\\src\\seeds\\02_balance.js": {"path":"C:\\Users\\thiag\\OneDrive\\Documentos\\GitHub\\FinancialManager-Api\\src\\seeds\\02_balance.js","statementMap":{"0":{"start":{"line":6,"column":0},"end":{"line":17,"column":2}},"1":{"start":{"line":7,"column":2},"end":{"line":10,"column":5}},"2":{"start":{"line":11,"column":2},"end":{"line":16,"column":5}}},"fnMap":{"0":{"name":"(anonymous_0)","decl":{"start":{"line":6,"column":15},"end":{"line":6,"column":16}},"loc":{"start":{"line":6,"column":31},"end":{"line":17,"column":1}},"line":6}},"branchMap":{},"s":{"0":1,"1":1,"2":1},"f":{"0":1},"b":{},"_coverageSchema":"1a1c01bbd47fc00a2c39e90264f33305004495a9","hash":"c55fb4d66b99c9dbf3cb109e3a4a6fdef5408a93"}
,"C:\\Users\\thiag\\OneDrive\\Documentos\\GitHub\\FinancialManager-Api\\src\\services\\accounts.js": {"path":"C:\\Users\\thiag\\OneDrive\\Documentos\\GitHub\\FinancialManager-Api\\src\\services\\accounts.js","statementMap":{"0":{"start":{"line":3,"column":24},"end":{"line":3,"column":61}},"1":{"start":{"line":7,"column":0},"end":{"line":32,"column":2}},"2":{"start":{"line":8,"column":18},"end":{"line":8,"column":79}},"3":{"start":{"line":8,"column":35},"end":{"line":8,"column":79}},"4":{"start":{"line":9,"column":15},"end":{"line":9,"column":72}},"5":{"start":{"line":9,"column":32},"end":{"line":9,"column":72}},"6":{"start":{"line":11,"column":15},"end":{"line":16,"column":3}},"7":{"start":{"line":12,"column":4},"end":{"line":12,"column":105}},"8":{"start":{"line":12,"column":47},"end":{"line":12,"column":105}},"9":{"start":{"line":13,"column":23},"end":{"line":13,"column":83}},"10":{"start":{"line":14,"column":4},"end":{"line":14,"column":69}},"11":{"start":{"line":14,"column":20},"end":{"line":14,"column":69}},"12":{"start":{"line":15,"column":4},"end":{"line":15,"column":53}},"13":{"start":{"line":18,"column":17},"end":{"line":20,"column":25}},"14":{"start":{"line":18,"column":34},"end":{"line":20,"column":25}},"15":{"start":{"line":22,"column":17},"end":{"line":28,"column":3}},"16":{"start":{"line":23,"column":24},"end":{"line":23,"column":75}},"17":{"start":{"line":24,"column":4},"end":{"line":24,"column":80}},"18":{"start":{"line":24,"column":21},"end":{"line":24,"column":80}},"19":{"start":{"line":25,"column":4},"end":{"line":27,"column":13}},"20":{"start":{"line":29,"column":2},"end":{"line":31,"column":4}}},"fnMap":{"0":{"name":"(anonymous_0)","decl":{"start":{"line":7,"column":17},"end":{"line":7,"column":18}},"loc":{"start":{"line":7,"column":26},"end":{"line":32,"column":1}},"line":7},"1":{"name":"(anonymous_1)","decl":{"start":{"line":8,"column":18},"end":{"line":8,"column":19}},"loc":{"start":{"line":8,"column":35},"end":{"line":8,"column":79}},"line":8},"2":{"name":"(anonymous_2)","decl":{"start":{"line":9,"column":15},"end":{"line":9,"column":16}},"loc":{"start":{"line":9,"column":32},"end":{"line":9,"column":72}},"line":9},"3":{"name":"(anonymous_3)","decl":{"start":{"line":11,"column":15},"end":{"line":11,"column":16}},"loc":{"start":{"line":11,"column":34},"end":{"line":16,"column":3}},"line":11},"4":{"name":"(anonymous_4)","decl":{"start":{"line":18,"column":17},"end":{"line":18,"column":18}},"loc":{"start":{"line":18,"column":34},"end":{"line":20,"column":25}},"line":18},"5":{"name":"(anonymous_5)","decl":{"start":{"line":22,"column":17},"end":{"line":22,"column":18}},"loc":{"start":{"line":22,"column":31},"end":{"line":28,"column":3}},"line":22}},"branchMap":{"0":{"loc":{"start":{"line":8,"column":19},"end":{"line":8,"column":30}},"type":"default-arg","locations":[{"start":{"line":8,"column":28},"end":{"line":8,"column":30}}],"line":8},"1":{"loc":{"start":{"line":9,"column":16},"end":{"line":9,"column":27}},"type":"default-arg","locations":[{"start":{"line":9,"column":25},"end":{"line":9,"column":27}}],"line":9},"2":{"loc":{"start":{"line":12,"column":4},"end":{"line":12,"column":105}},"type":"if","locations":[{"start":{"line":12,"column":4},"end":{"line":12,"column":105}},{"start":{},"end":{}}],"line":12},"3":{"loc":{"start":{"line":12,"column":8},"end":{"line":12,"column":45}},"type":"binary-expr","locations":[{"start":{"line":12,"column":8},"end":{"line":12,"column":21}},{"start":{"line":12,"column":25},"end":{"line":12,"column":45}}],"line":12},"4":{"loc":{"start":{"line":14,"column":4},"end":{"line":14,"column":69}},"type":"if","locations":[{"start":{"line":14,"column":4},"end":{"line":14,"column":69}},{"start":{},"end":{}}],"line":14},"5":{"loc":{"start":{"line":24,"column":4},"end":{"line":24,"column":80}},"type":"if","locations":[{"start":{"line":24,"column":4},"end":{"line":24,"column":80}},{"start":{},"end":{}}],"line":24}},"s":{"0":7,"1":7,"2":7,"3":2,"4":7,"5":11,"6":7,"7":5,"8":1,"9":4,"10":4,"11":1,"12":3,"13":7,"14":1,"15":7,"16":2,"17":2,"18":1,"19":1,"20":7},"f":{"0":7,"1":2,"2":11,"3":5,"4":1,"5":2},"b":{"0":[0],"1":[0],"2":[1,4],"3":[5,4],"4":[1,3],"5":[1,1]},"_coverageSchema":"1a1c01bbd47fc00a2c39e90264f33305004495a9","hash":"434178a518f5c52eb9b9de703f214e3e8aab2a09"}
,"C:\\Users\\thiag\\OneDrive\\Documentos\\GitHub\\FinancialManager-Api\\src\\services\\balance.js": {"path":"C:\\Users\\thiag\\OneDrive\\Documentos\\GitHub\\FinancialManager-Api\\src\\services\\balance.js","statementMap":{"0":{"start":{"line":3,"column":0},"end":{"line":13,"column":2}},"1":{"start":{"line":4,"column":21},"end":{"line":11,"column":27}},"2":{"start":{"line":4,"column":33},"end":{"line":11,"column":27}},"3":{"start":{"line":12,"column":2},"end":{"line":12,"column":24}}},"fnMap":{"0":{"name":"(anonymous_0)","decl":{"start":{"line":3,"column":17},"end":{"line":3,"column":18}},"loc":{"start":{"line":3,"column":26},"end":{"line":13,"column":1}},"line":3},"1":{"name":"(anonymous_1)","decl":{"start":{"line":4,"column":21},"end":{"line":4,"column":22}},"loc":{"start":{"line":4,"column":33},"end":{"line":11,"column":27}},"line":4}},"branchMap":{},"s":{"0":7,"1":7,"2":9,"3":7},"f":{"0":7,"1":9},"b":{},"_coverageSchema":"1a1c01bbd47fc00a2c39e90264f33305004495a9","hash":"fc24a597399d9ea03489f27747dbf15f94f8c452"}
,"C:\\Users\\thiag\\OneDrive\\Documentos\\GitHub\\FinancialManager-Api\\src\\services\\transaction.js": {"path":"C:\\Users\\thiag\\OneDrive\\Documentos\\GitHub\\FinancialManager-Api\\src\\services\\transaction.js","statementMap":{"0":{"start":{"line":1,"column":24},"end":{"line":1,"column":61}},"1":{"start":{"line":5,"column":0},"end":{"line":36,"column":2}},"2":{"start":{"line":6,"column":23},"end":{"line":10,"column":16}},"3":{"start":{"line":6,"column":48},"end":{"line":10,"column":16}},"4":{"start":{"line":12,"column":15},"end":{"line":12,"column":76}},"5":{"start":{"line":12,"column":32},"end":{"line":12,"column":76}},"6":{"start":{"line":13,"column":15},"end":{"line":26,"column":3}},"7":{"start":{"line":14,"column":4},"end":{"line":14,"column":87}},"8":{"start":{"line":14,"column":34},"end":{"line":14,"column":87}},"9":{"start":{"line":15,"column":4},"end":{"line":15,"column":73}},"10":{"start":{"line":15,"column":27},"end":{"line":15,"column":73}},"11":{"start":{"line":16,"column":4},"end":{"line":16,"column":104}},"12":{"start":{"line":16,"column":62},"end":{"line":16,"column":104}},"13":{"start":{"line":17,"column":4},"end":{"line":17,"column":73}},"14":{"start":{"line":17,"column":27},"end":{"line":17,"column":73}},"15":{"start":{"line":18,"column":4},"end":{"line":18,"column":77}},"16":{"start":{"line":18,"column":29},"end":{"line":18,"column":77}},"17":{"start":{"line":19,"column":4},"end":{"line":19,"column":77}},"18":{"start":{"line":19,"column":29},"end":{"line":19,"column":77}},"19":{"start":{"line":20,"column":27},"end":{"line":20,"column":45}},"20":{"start":{"line":21,"column":4},"end":{"line":24,"column":5}},"21":{"start":{"line":23,"column":6},"end":{"line":23,"column":34}},"22":{"start":{"line":25,"column":4},"end":{"line":25,"column":64}},"23":{"start":{"line":27,"column":17},"end":{"line":29,"column":29}},"24":{"start":{"line":27,"column":38},"end":{"line":29,"column":29}},"25":{"start":{"line":31,"column":17},"end":{"line":31,"column":74}},"26":{"start":{"line":31,"column":25},"end":{"line":31,"column":74}},"27":{"start":{"line":33,"column":2},"end":{"line":35,"column":4}}},"fnMap":{"0":{"name":"(anonymous_0)","decl":{"start":{"line":5,"column":17},"end":{"line":5,"column":18}},"loc":{"start":{"line":5,"column":26},"end":{"line":36,"column":1}},"line":5},"1":{"name":"(anonymous_1)","decl":{"start":{"line":6,"column":23},"end":{"line":6,"column":24}},"loc":{"start":{"line":6,"column":48},"end":{"line":10,"column":16}},"line":6},"2":{"name":"(anonymous_2)","decl":{"start":{"line":12,"column":15},"end":{"line":12,"column":16}},"loc":{"start":{"line":12,"column":32},"end":{"line":12,"column":76}},"line":12},"3":{"name":"(anonymous_3)","decl":{"start":{"line":13,"column":15},"end":{"line":13,"column":16}},"loc":{"start":{"line":13,"column":32},"end":{"line":26,"column":3}},"line":13},"4":{"name":"(anonymous_4)","decl":{"start":{"line":27,"column":17},"end":{"line":27,"column":18}},"loc":{"start":{"line":27,"column":38},"end":{"line":29,"column":29}},"line":27},"5":{"name":"(anonymous_5)","decl":{"start":{"line":31,"column":17},"end":{"line":31,"column":18}},"loc":{"start":{"line":31,"column":25},"end":{"line":31,"column":74}},"line":31}},"branchMap":{"0":{"loc":{"start":{"line":6,"column":32},"end":{"line":6,"column":43}},"type":"default-arg","locations":[{"start":{"line":6,"column":41},"end":{"line":6,"column":43}}],"line":6},"1":{"loc":{"start":{"line":12,"column":16},"end":{"line":12,"column":27}},"type":"default-arg","locations":[{"start":{"line":12,"column":25},"end":{"line":12,"column":27}}],"line":12},"2":{"loc":{"start":{"line":14,"column":4},"end":{"line":14,"column":87}},"type":"if","locations":[{"start":{"line":14,"column":4},"end":{"line":14,"column":87}},{"start":{},"end":{}}],"line":14},"3":{"loc":{"start":{"line":15,"column":4},"end":{"line":15,"column":73}},"type":"if","locations":[{"start":{"line":15,"column":4},"end":{"line":15,"column":73}},{"start":{},"end":{}}],"line":15},"4":{"loc":{"start":{"line":16,"column":4},"end":{"line":16,"column":104}},"type":"if","locations":[{"start":{"line":16,"column":4},"end":{"line":16,"column":104}},{"start":{},"end":{}}],"line":16},"5":{"loc":{"start":{"line":16,"column":8},"end":{"line":16,"column":60}},"type":"binary-expr","locations":[{"start":{"line":16,"column":8},"end":{"line":16,"column":32}},{"start":{"line":16,"column":36},"end":{"line":16,"column":60}}],"line":16},"6":{"loc":{"start":{"line":17,"column":4},"end":{"line":17,"column":73}},"type":"if","locations":[{"start":{"line":17,"column":4},"end":{"line":17,"column":73}},{"start":{},"end":{}}],"line":17},"7":{"loc":{"start":{"line":18,"column":4},"end":{"line":18,"column":77}},"type":"if","locations":[{"start":{"line":18,"column":4},"end":{"line":18,"column":77}},{"start":{},"end":{}}],"line":18},"8":{"loc":{"start":{"line":19,"column":4},"end":{"line":19,"column":77}},"type":"if","locations":[{"start":{"line":19,"column":4},"end":{"line":19,"column":77}},{"start":{},"end":{}}],"line":19},"9":{"loc":{"start":{"line":21,"column":4},"end":{"line":24,"column":5}},"type":"if","locations":[{"start":{"line":21,"column":4},"end":{"line":24,"column":5}},{"start":{},"end":{}}],"line":21},"10":{"loc":{"start":{"line":21,"column":8},"end":{"line":22,"column":60}},"type":"binary-expr","locations":[{"start":{"line":21,"column":9},"end":{"line":21,"column":33}},{"start":{"line":21,"column":37},"end":{"line":21,"column":59}},{"start":{"line":22,"column":9},"end":{"line":22,"column":33}},{"start":{"line":22,"column":37},"end":{"line":22,"column":59}}],"line":21}},"s":{"0":7,"1":7,"2":7,"3":5,"4":7,"5":3,"6":7,"7":11,"8":0,"9":11,"10":0,"11":11,"12":0,"13":11,"14":0,"15":11,"16":0,"17":11,"18":0,"19":11,"20":11,"21":5,"22":11,"23":7,"24":1,"25":7,"26":1,"27":7},"f":{"0":7,"1":5,"2":3,"3":11,"4":1,"5":1},"b":{"0":[1],"1":[0],"2":[0,11],"3":[0,11],"4":[0,11],"5":[11,7],"6":[0,11],"7":[0,11],"8":[0,11],"9":[5,6],"10":[11,7,10,4]},"_coverageSchema":"1a1c01bbd47fc00a2c39e90264f33305004495a9","hash":"41c44374cf60889e3eda0d99f7b31ea5ad0d3f44"}
,"C:\\Users\\thiag\\OneDrive\\Documentos\\GitHub\\FinancialManager-Api\\src\\services\\transfer.js": {"path":"C:\\Users\\thiag\\OneDrive\\Documentos\\GitHub\\FinancialManager-Api\\src\\services\\transfer.js","statementMap":{"0":{"start":{"line":1,"column":24},"end":{"line":1,"column":61}},"1":{"start":{"line":3,"column":0},"end":{"line":84,"column":2}},"2":{"start":{"line":4,"column":19},"end":{"line":12,"column":3}},"3":{"start":{"line":5,"column":4},"end":{"line":5,"column":94}},"4":{"start":{"line":5,"column":31},"end":{"line":5,"column":94}},"5":{"start":{"line":6,"column":4},"end":{"line":6,"column":80}},"6":{"start":{"line":6,"column":24},"end":{"line":6,"column":80}},"7":{"start":{"line":7,"column":4},"end":{"line":7,"column":84}},"8":{"start":{"line":7,"column":26},"end":{"line":7,"column":84}},"9":{"start":{"line":8,"column":4},"end":{"line":8,"column":97}},"10":{"start":{"line":8,"column":31},"end":{"line":8,"column":97}},"11":{"start":{"line":9,"column":4},"end":{"line":9,"column":96}},"12":{"start":{"line":9,"column":29},"end":{"line":9,"column":96}},"13":{"start":{"line":10,"column":4},"end":{"line":10,"column":91}},"14":{"start":{"line":10,"column":27},"end":{"line":10,"column":91}},"15":{"start":{"line":11,"column":4},"end":{"line":11,"column":136}},"16":{"start":{"line":11,"column":53},"end":{"line":11,"column":136}},"17":{"start":{"line":14,"column":18},"end":{"line":14,"column":80}},"18":{"start":{"line":14,"column":35},"end":{"line":14,"column":80}},"19":{"start":{"line":15,"column":15},"end":{"line":15,"column":73}},"20":{"start":{"line":15,"column":32},"end":{"line":15,"column":73}},"21":{"start":{"line":16,"column":17},"end":{"line":19,"column":3}},"22":{"start":{"line":17,"column":4},"end":{"line":17,"column":66}},"23":{"start":{"line":18,"column":4},"end":{"line":18,"column":51}},"24":{"start":{"line":21,"column":15},"end":{"line":48,"column":3}},"25":{"start":{"line":22,"column":4},"end":{"line":22,"column":23}},"26":{"start":{"line":23,"column":19},"end":{"line":23,"column":66}},"27":{"start":{"line":24,"column":25},"end":{"line":44,"column":6}},"28":{"start":{"line":46,"column":4},"end":{"line":46,"column":54}},"29":{"start":{"line":47,"column":4},"end":{"line":47,"column":18}},"30":{"start":{"line":50,"column":17},"end":{"line":80,"column":3}},"31":{"start":{"line":51,"column":4},"end":{"line":51,"column":23}},"32":{"start":{"line":52,"column":19},"end":{"line":54,"column":28}},"33":{"start":{"line":56,"column":25},"end":{"line":76,"column":6}},"34":{"start":{"line":77,"column":4},"end":{"line":77,"column":66}},"35":{"start":{"line":78,"column":4},"end":{"line":78,"column":54}},"36":{"start":{"line":79,"column":4},"end":{"line":79,"column":18}},"37":{"start":{"line":81,"column":2},"end":{"line":83,"column":4}}},"fnMap":{"0":{"name":"(anonymous_0)","decl":{"start":{"line":3,"column":17},"end":{"line":3,"column":18}},"loc":{"start":{"line":3,"column":26},"end":{"line":84,"column":1}},"line":3},"1":{"name":"(anonymous_1)","decl":{"start":{"line":4,"column":19},"end":{"line":4,"column":20}},"loc":{"start":{"line":4,"column":33},"end":{"line":12,"column":3}},"line":4},"2":{"name":"(anonymous_2)","decl":{"start":{"line":14,"column":18},"end":{"line":14,"column":19}},"loc":{"start":{"line":14,"column":35},"end":{"line":14,"column":80}},"line":14},"3":{"name":"(anonymous_3)","decl":{"start":{"line":15,"column":15},"end":{"line":15,"column":16}},"loc":{"start":{"line":15,"column":32},"end":{"line":15,"column":73}},"line":15},"4":{"name":"(anonymous_4)","decl":{"start":{"line":16,"column":17},"end":{"line":16,"column":18}},"loc":{"start":{"line":16,"column":31},"end":{"line":19,"column":3}},"line":16},"5":{"name":"(anonymous_5)","decl":{"start":{"line":21,"column":15},"end":{"line":21,"column":16}},"loc":{"start":{"line":21,"column":35},"end":{"line":48,"column":3}},"line":21},"6":{"name":"(anonymous_6)","decl":{"start":{"line":50,"column":17},"end":{"line":50,"column":18}},"loc":{"start":{"line":50,"column":41},"end":{"line":80,"column":3}},"line":50}},"branchMap":{"0":{"loc":{"start":{"line":5,"column":4},"end":{"line":5,"column":94}},"type":"if","locations":[{"start":{"line":5,"column":4},"end":{"line":5,"column":94}},{"start":{},"end":{}}],"line":5},"1":{"loc":{"start":{"line":6,"column":4},"end":{"line":6,"column":80}},"type":"if","locations":[{"start":{"line":6,"column":4},"end":{"line":6,"column":80}},{"start":{},"end":{}}],"line":6},"2":{"loc":{"start":{"line":7,"column":4},"end":{"line":7,"column":84}},"type":"if","locations":[{"start":{"line":7,"column":4},"end":{"line":7,"column":84}},{"start":{},"end":{}}],"line":7},"3":{"loc":{"start":{"line":8,"column":4},"end":{"line":8,"column":97}},"type":"if","locations":[{"start":{"line":8,"column":4},"end":{"line":8,"column":97}},{"start":{},"end":{}}],"line":8},"4":{"loc":{"start":{"line":9,"column":4},"end":{"line":9,"column":96}},"type":"if","locations":[{"start":{"line":9,"column":4},"end":{"line":9,"column":96}},{"start":{},"end":{}}],"line":9},"5":{"loc":{"start":{"line":10,"column":4},"end":{"line":10,"column":91}},"type":"if","locations":[{"start":{"line":10,"column":4},"end":{"line":10,"column":91}},{"start":{},"end":{}}],"line":10},"6":{"loc":{"start":{"line":11,"column":4},"end":{"line":11,"column":136}},"type":"if","locations":[{"start":{"line":11,"column":4},"end":{"line":11,"column":136}},{"start":{},"end":{}}],"line":11},"7":{"loc":{"start":{"line":14,"column":19},"end":{"line":14,"column":30}},"type":"default-arg","locations":[{"start":{"line":14,"column":28},"end":{"line":14,"column":30}}],"line":14},"8":{"loc":{"start":{"line":15,"column":16},"end":{"line":15,"column":27}},"type":"default-arg","locations":[{"start":{"line":15,"column":25},"end":{"line":15,"column":27}}],"line":15}},"s":{"0":7,"1":7,"2":7,"3":9,"4":1,"5":8,"6":1,"7":7,"8":1,"9":6,"10":1,"11":5,"12":1,"13":4,"14":0,"15":4,"16":0,"17":7,"18":1,"19":7,"20":4,"21":7,"22":1,"23":1,"24":7,"25":8,"26":3,"27":3,"28":3,"29":3,"30":7,"31":1,"32":1,"33":1,"34":1,"35":1,"36":1,"37":7},"f":{"0":7,"1":9,"2":1,"3":4,"4":1,"5":8,"6":1},"b":{"0":[1,8],"1":[1,7],"2":[1,6],"3":[1,5],"4":[1,4],"5":[0,4],"6":[0,4],"7":[0],"8":[0]},"_coverageSchema":"1a1c01bbd47fc00a2c39e90264f33305004495a9","hash":"1be5207a7c1496d2704ed0a0d20ded8c08be85a3"}
,"C:\\Users\\thiag\\OneDrive\\Documentos\\GitHub\\FinancialManager-Api\\src\\services\\user.js": {"path":"C:\\Users\\thiag\\OneDrive\\Documentos\\GitHub\\FinancialManager-Api\\src\\services\\user.js","statementMap":{"0":{"start":{"line":2,"column":15},"end":{"line":2,"column":32}},"1":{"start":{"line":3,"column":24},"end":{"line":3,"column":61}},"2":{"start":{"line":5,"column":0},"end":{"line":30,"column":2}},"3":{"start":{"line":6,"column":18},"end":{"line":6,"column":71}},"4":{"start":{"line":6,"column":24},"end":{"line":6,"column":71}},"5":{"start":{"line":10,"column":18},"end":{"line":10,"column":72}},"6":{"start":{"line":10,"column":35},"end":{"line":10,"column":72}},"7":{"start":{"line":11,"column":15},"end":{"line":11,"column":70}},"8":{"start":{"line":11,"column":32},"end":{"line":11,"column":70}},"9":{"start":{"line":12,"column":23},"end":{"line":15,"column":3}},"10":{"start":{"line":13,"column":17},"end":{"line":13,"column":39}},"11":{"start":{"line":14,"column":4},"end":{"line":14,"column":39}},"12":{"start":{"line":17,"column":15},"end":{"line":26,"column":3}},"13":{"start":{"line":18,"column":4},"end":{"line":18,"column":100}},"14":{"start":{"line":18,"column":41},"end":{"line":18,"column":100}},"15":{"start":{"line":19,"column":4},"end":{"line":19,"column":81}},"16":{"start":{"line":19,"column":21},"end":{"line":19,"column":81}},"17":{"start":{"line":20,"column":4},"end":{"line":20,"column":112}},"18":{"start":{"line":20,"column":49},"end":{"line":20,"column":112}},"19":{"start":{"line":21,"column":26},"end":{"line":21,"column":62}},"20":{"start":{"line":22,"column":4},"end":{"line":22,"column":80}},"21":{"start":{"line":22,"column":23},"end":{"line":22,"column":80}},"22":{"start":{"line":24,"column":4},"end":{"line":24,"column":48}},"23":{"start":{"line":25,"column":4},"end":{"line":25,"column":65}},"24":{"start":{"line":27,"column":2},"end":{"line":29,"column":4}}},"fnMap":{"0":{"name":"(anonymous_0)","decl":{"start":{"line":5,"column":17},"end":{"line":5,"column":18}},"loc":{"start":{"line":5,"column":26},"end":{"line":30,"column":1}},"line":5},"1":{"name":"(anonymous_1)","decl":{"start":{"line":6,"column":18},"end":{"line":6,"column":19}},"loc":{"start":{"line":6,"column":24},"end":{"line":6,"column":71}},"line":6},"2":{"name":"(anonymous_2)","decl":{"start":{"line":10,"column":18},"end":{"line":10,"column":19}},"loc":{"start":{"line":10,"column":35},"end":{"line":10,"column":72}},"line":10},"3":{"name":"(anonymous_3)","decl":{"start":{"line":11,"column":15},"end":{"line":11,"column":16}},"loc":{"start":{"line":11,"column":32},"end":{"line":11,"column":70}},"line":11},"4":{"name":"(anonymous_4)","decl":{"start":{"line":12,"column":23},"end":{"line":12,"column":24}},"loc":{"start":{"line":12,"column":33},"end":{"line":15,"column":3}},"line":12},"5":{"name":"(anonymous_5)","decl":{"start":{"line":17,"column":15},"end":{"line":17,"column":16}},"loc":{"start":{"line":17,"column":31},"end":{"line":26,"column":3}},"line":17}},"branchMap":{"0":{"loc":{"start":{"line":10,"column":19},"end":{"line":10,"column":30}},"type":"default-arg","locations":[{"start":{"line":10,"column":28},"end":{"line":10,"column":30}}],"line":10},"1":{"loc":{"start":{"line":11,"column":16},"end":{"line":11,"column":27}},"type":"default-arg","locations":[{"start":{"line":11,"column":25},"end":{"line":11,"column":27}}],"line":11},"2":{"loc":{"start":{"line":18,"column":4},"end":{"line":18,"column":100}},"type":"if","locations":[{"start":{"line":18,"column":4},"end":{"line":18,"column":100}},{"start":{},"end":{}}],"line":18},"3":{"loc":{"start":{"line":18,"column":8},"end":{"line":18,"column":39}},"type":"binary-expr","locations":[{"start":{"line":18,"column":8},"end":{"line":18,"column":18}},{"start":{"line":18,"column":22},"end":{"line":18,"column":39}}],"line":18},"4":{"loc":{"start":{"line":19,"column":4},"end":{"line":19,"column":81}},"type":"if","locations":[{"start":{"line":19,"column":4},"end":{"line":19,"column":81}},{"start":{},"end":{}}],"line":19},"5":{"loc":{"start":{"line":20,"column":4},"end":{"line":20,"column":112}},"type":"if","locations":[{"start":{"line":20,"column":4},"end":{"line":20,"column":112}},{"start":{},"end":{}}],"line":20},"6":{"loc":{"start":{"line":20,"column":8},"end":{"line":20,"column":47}},"type":"binary-expr","locations":[{"start":{"line":20,"column":8},"end":{"line":20,"column":22}},{"start":{"line":20,"column":26},"end":{"line":20,"column":47}}],"line":20},"7":{"loc":{"start":{"line":22,"column":4},"end":{"line":22,"column":80}},"type":"if","locations":[{"start":{"line":22,"column":4},"end":{"line":22,"column":80}},{"start":{},"end":{}}],"line":22}},"s":{"0":7,"1":7,"2":7,"3":7,"4":1,"5":7,"6":72,"7":7,"8":2,"9":7,"10":11,"11":11,"12":7,"13":16,"14":2,"15":14,"16":1,"17":13,"18":1,"19":12,"20":12,"21":1,"22":11,"23":11,"24":7},"f":{"0":7,"1":1,"2":72,"3":2,"4":11,"5":16},"b":{"0":[0],"1":[0],"2":[2,14],"3":[16,14],"4":[1,13],"5":[1,12],"6":[13,12],"7":[1,11]},"_coverageSchema":"1a1c01bbd47fc00a2c39e90264f33305004495a9","hash":"3e82ee13ae14e773675a60e85dbb0b5dff7cc845"}
}
