{"C:\\Users\\thiag\\OneDrive\\Documentos\\GitHub\\FinancialManager-Api\\knexfile.js": {"path":"C:\\Users\\thiag\\OneDrive\\Documentos\\GitHub\\FinancialManager-Api\\knexfile.js","statementMap":{"0":{"start":{"line":1,"column":0},"end":{"line":18,"column":2}}},"fnMap":{},"branchMap":{},"s":{"0":6},"f":{},"b":{},"_coverageSchema":"1a1c01bbd47fc00a2c39e90264f33305004495a9","hash":"6566a476fa392f8fe2da603c1b8f7563649102d1"}
,"C:\\Users\\thiag\\OneDrive\\Documentos\\GitHub\\FinancialManager-Api\\src\\server.js": {"path":"C:\\Users\\thiag\\OneDrive\\Documentos\\GitHub\\FinancialManager-Api\\src\\server.js","statementMap":{"0":{"start":{"line":1,"column":12},"end":{"line":1,"column":32}},"1":{"start":{"line":2,"column":16},"end":{"line":2,"column":34}},"2":{"start":{"line":3,"column":13},"end":{"line":3,"column":28}},"3":{"start":{"line":4,"column":17},"end":{"line":4,"column":39}},"4":{"start":{"line":6,"column":0},"end":{"line":6,"column":29}},"5":{"start":{"line":8,"column":0},"end":{"line":14,"column":13}},"6":{"start":{"line":16,"column":0},"end":{"line":18,"column":3}},"7":{"start":{"line":17,"column":2},"end":{"line":17,"column":25}},"8":{"start":{"line":20,"column":0},"end":{"line":22,"column":3}},"9":{"start":{"line":21,"column":2},"end":{"line":21,"column":37}},"10":{"start":{"line":24,"column":0},"end":{"line":30,"column":3}},"11":{"start":{"line":25,"column":35},"end":{"line":25,"column":38}},"12":{"start":{"line":27,"column":2},"end":{"line":28,"column":54}},"13":{"start":{"line":27,"column":34},"end":{"line":27,"column":75}},"14":{"start":{"line":28,"column":7},"end":{"line":28,"column":54}},"15":{"start":{"line":29,"column":2},"end":{"line":29,"column":12}},"16":{"start":{"line":42,"column":0},"end":{"line":42,"column":21}}},"fnMap":{"0":{"name":"(anonymous_0)","decl":{"start":{"line":16,"column":13},"end":{"line":16,"column":14}},"loc":{"start":{"line":16,"column":27},"end":{"line":18,"column":1}},"line":16},"1":{"name":"(anonymous_1)","decl":{"start":{"line":20,"column":8},"end":{"line":20,"column":9}},"loc":{"start":{"line":20,"column":22},"end":{"line":22,"column":1}},"line":20},"2":{"name":"(anonymous_2)","decl":{"start":{"line":24,"column":8},"end":{"line":24,"column":9}},"loc":{"start":{"line":24,"column":33},"end":{"line":30,"column":1}},"line":24}},"branchMap":{"0":{"loc":{"start":{"line":27,"column":2},"end":{"line":28,"column":54}},"type":"if","locations":[{"start":{"line":27,"column":2},"end":{"line":28,"column":54}},{"start":{"line":28,"column":7},"end":{"line":28,"column":54}}],"line":27}},"s":{"0":6,"1":6,"2":6,"3":6,"4":6,"5":6,"6":6,"7":0,"8":6,"9":0,"10":6,"11":15,"12":15,"13":14,"14":1,"15":15,"16":6},"f":{"0":0,"1":0,"2":15},"b":{"0":[14,1]},"_coverageSchema":"1a1c01bbd47fc00a2c39e90264f33305004495a9","hash":"abf2843386f285aa88a6fcaf81af5d1c50fae25f"}
,"C:\\Users\\thiag\\OneDrive\\Documentos\\GitHub\\FinancialManager-Api\\src\\config\\middlewares.js": {"path":"C:\\Users\\thiag\\OneDrive\\Documentos\\GitHub\\FinancialManager-Api\\src\\config\\middlewares.js","statementMap":{"0":{"start":{"line":1,"column":19},"end":{"line":1,"column":41}},"1":{"start":{"line":3,"column":0},"end":{"line":5,"column":2}},"2":{"start":{"line":4,"column":2},"end":{"line":4,"column":29}}},"fnMap":{"0":{"name":"(anonymous_0)","decl":{"start":{"line":3,"column":17},"end":{"line":3,"column":18}},"loc":{"start":{"line":3,"column":26},"end":{"line":5,"column":1}},"line":3}},"branchMap":{},"s":{"0":6,"1":6,"2":6},"f":{"0":6},"b":{},"_coverageSchema":"1a1c01bbd47fc00a2c39e90264f33305004495a9","hash":"30c6a3f9da7f0726875010ecb1ce1363256664e5"}
,"C:\\Users\\thiag\\OneDrive\\Documentos\\GitHub\\FinancialManager-Api\\src\\config\\passport.js": {"path":"C:\\Users\\thiag\\OneDrive\\Documentos\\GitHub\\FinancialManager-Api\\src\\config\\passport.js","statementMap":{"0":{"start":{"line":1,"column":17},"end":{"line":1,"column":36}},"1":{"start":{"line":2,"column":20},"end":{"line":2,"column":43}},"2":{"start":{"line":4,"column":15},"end":{"line":4,"column":23}},"3":{"start":{"line":6,"column":33},"end":{"line":6,"column":44}},"4":{"start":{"line":8,"column":0},"end":{"line":24,"column":2}},"5":{"start":{"line":9,"column":17},"end":{"line":12,"column":3}},"6":{"start":{"line":13,"column":19},"end":{"line":19,"column":4}},"7":{"start":{"line":14,"column":4},"end":{"line":18,"column":42}},"8":{"start":{"line":16,"column":8},"end":{"line":17,"column":31}},"9":{"start":{"line":16,"column":18},"end":{"line":16,"column":45}},"10":{"start":{"line":17,"column":13},"end":{"line":17,"column":31}},"11":{"start":{"line":18,"column":24},"end":{"line":18,"column":40}},"12":{"start":{"line":21,"column":2},"end":{"line":21,"column":25}},"13":{"start":{"line":23,"column":2},"end":{"line":23,"column":82}},"14":{"start":{"line":23,"column":31},"end":{"line":23,"column":79}}},"fnMap":{"0":{"name":"(anonymous_0)","decl":{"start":{"line":8,"column":17},"end":{"line":8,"column":18}},"loc":{"start":{"line":8,"column":26},"end":{"line":24,"column":1}},"line":8},"1":{"name":"(anonymous_1)","decl":{"start":{"line":13,"column":40},"end":{"line":13,"column":41}},"loc":{"start":{"line":13,"column":59},"end":{"line":19,"column":3}},"line":13},"2":{"name":"(anonymous_2)","decl":{"start":{"line":15,"column":12},"end":{"line":15,"column":13}},"loc":{"start":{"line":15,"column":22},"end":{"line":18,"column":7}},"line":15},"3":{"name":"(anonymous_3)","decl":{"start":{"line":18,"column":15},"end":{"line":18,"column":16}},"loc":{"start":{"line":18,"column":24},"end":{"line":18,"column":40}},"line":18},"4":{"name":"(anonymous_4)","decl":{"start":{"line":23,"column":25},"end":{"line":23,"column":26}},"loc":{"start":{"line":23,"column":31},"end":{"line":23,"column":79}},"line":23}},"branchMap":{"0":{"loc":{"start":{"line":16,"column":8},"end":{"line":17,"column":31}},"type":"if","locations":[{"start":{"line":16,"column":8},"end":{"line":17,"column":31}},{"start":{"line":17,"column":13},"end":{"line":17,"column":31}}],"line":16}},"s":{"0":6,"1":6,"2":6,"3":6,"4":6,"5":6,"6":6,"7":58,"8":58,"9":58,"10":0,"11":0,"12":6,"13":6,"14":6},"f":{"0":6,"1":58,"2":58,"3":0,"4":6},"b":{"0":[58,0]},"_coverageSchema":"1a1c01bbd47fc00a2c39e90264f33305004495a9","hash":"69b1f7445aac59cd689b94f27af98b9797fb786e"}
,"C:\\Users\\thiag\\OneDrive\\Documentos\\GitHub\\FinancialManager-Api\\src\\config\\router.js": {"path":"C:\\Users\\thiag\\OneDrive\\Documentos\\GitHub\\FinancialManager-Api\\src\\config\\router.js","statementMap":{"0":{"start":{"line":1,"column":16},"end":{"line":1,"column":34}},"1":{"start":{"line":3,"column":0},"end":{"line":13,"column":2}},"2":{"start":{"line":4,"column":2},"end":{"line":4,"column":36}},"3":{"start":{"line":5,"column":26},"end":{"line":5,"column":42}},"4":{"start":{"line":7,"column":2},"end":{"line":7,"column":50}},"5":{"start":{"line":8,"column":2},"end":{"line":8,"column":56}},"6":{"start":{"line":9,"column":2},"end":{"line":9,"column":64}},"7":{"start":{"line":10,"column":2},"end":{"line":10,"column":58}},"8":{"start":{"line":11,"column":2},"end":{"line":11,"column":54}},"9":{"start":{"line":12,"column":2},"end":{"line":12,"column":70}}},"fnMap":{"0":{"name":"(anonymous_0)","decl":{"start":{"line":3,"column":17},"end":{"line":3,"column":18}},"loc":{"start":{"line":3,"column":26},"end":{"line":13,"column":1}},"line":3}},"branchMap":{},"s":{"0":6,"1":6,"2":6,"3":6,"4":6,"5":6,"6":6,"7":6,"8":6,"9":6},"f":{"0":6},"b":{},"_coverageSchema":"1a1c01bbd47fc00a2c39e90264f33305004495a9","hash":"184214cbd149e9582e7aa60676199a10aaf22557"}
,"C:\\Users\\thiag\\OneDrive\\Documentos\\GitHub\\FinancialManager-Api\\src\\errors\\validationErrors.js": {"path":"C:\\Users\\thiag\\OneDrive\\Documentos\\GitHub\\FinancialManager-Api\\src\\errors\\validationErrors.js","statementMap":{"0":{"start":{"line":2,"column":0},"end":{"line":5,"column":2}},"1":{"start":{"line":3,"column":2},"end":{"line":3,"column":32}},"2":{"start":{"line":4,"column":2},"end":{"line":4,"column":25}}},"fnMap":{"0":{"name":"ValidationError","decl":{"start":{"line":2,"column":26},"end":{"line":2,"column":41}},"loc":{"start":{"line":2,"column":51},"end":{"line":5,"column":1}},"line":2}},"branchMap":{},"s":{"0":6,"1":14,"2":14},"f":{"0":14},"b":{},"_coverageSchema":"1a1c01bbd47fc00a2c39e90264f33305004495a9","hash":"9d0f9956629120a6e3948572504f330c15f981eb"}
,"C:\\Users\\thiag\\OneDrive\\Documentos\\GitHub\\FinancialManager-Api\\src\\routes\\accounts.js": {"path":"C:\\Users\\thiag\\OneDrive\\Documentos\\GitHub\\FinancialManager-Api\\src\\routes\\accounts.js","statementMap":{"0":{"start":{"line":2,"column":16},"end":{"line":2,"column":34}},"1":{"start":{"line":4,"column":0},"end":{"line":63,"column":2}},"2":{"start":{"line":5,"column":17},"end":{"line":5,"column":33}},"3":{"start":{"line":7,"column":2},"end":{"line":13,"column":5}},"4":{"start":{"line":8,"column":19},"end":{"line":8,"column":74}},"5":{"start":{"line":9,"column":4},"end":{"line":9,"column":24}},"6":{"start":{"line":10,"column":4},"end":{"line":12,"column":5}},"7":{"start":{"line":11,"column":6},"end":{"line":11,"column":65}},"8":{"start":{"line":12,"column":6},"end":{"line":12,"column":13}},"9":{"start":{"line":14,"column":2},"end":{"line":22,"column":5}},"10":{"start":{"line":15,"column":4},"end":{"line":21,"column":5}},"11":{"start":{"line":17,"column":21},"end":{"line":17,"column":92}},"12":{"start":{"line":18,"column":6},"end":{"line":18,"column":35}},"13":{"start":{"line":20,"column":6},"end":{"line":20,"column":16}},"14":{"start":{"line":24,"column":2},"end":{"line":33,"column":5}},"15":{"start":{"line":25,"column":4},"end":{"line":32,"column":5}},"16":{"start":{"line":26,"column":21},"end":{"line":26,"column":82}},"17":{"start":{"line":27,"column":6},"end":{"line":29,"column":7}},"18":{"start":{"line":28,"column":8},"end":{"line":28,"column":37}},"19":{"start":{"line":31,"column":6},"end":{"line":31,"column":16}},"20":{"start":{"line":35,"column":2},"end":{"line":42,"column":5}},"21":{"start":{"line":36,"column":4},"end":{"line":41,"column":5}},"22":{"start":{"line":37,"column":21},"end":{"line":37,"column":76}},"23":{"start":{"line":38,"column":6},"end":{"line":38,"column":35}},"24":{"start":{"line":40,"column":6},"end":{"line":40,"column":16}},"25":{"start":{"line":44,"column":2},"end":{"line":51,"column":5}},"26":{"start":{"line":45,"column":4},"end":{"line":50,"column":5}},"27":{"start":{"line":46,"column":21},"end":{"line":46,"column":80}},"28":{"start":{"line":47,"column":6},"end":{"line":47,"column":35}},"29":{"start":{"line":49,"column":6},"end":{"line":49,"column":16}},"30":{"start":{"line":53,"column":2},"end":{"line":61,"column":5}},"31":{"start":{"line":54,"column":4},"end":{"line":60,"column":5}},"32":{"start":{"line":55,"column":21},"end":{"line":55,"column":70}},"33":{"start":{"line":56,"column":6},"end":{"line":56,"column":35}},"34":{"start":{"line":57,"column":6},"end":{"line":57,"column":26}},"35":{"start":{"line":59,"column":6},"end":{"line":59,"column":16}},"36":{"start":{"line":62,"column":2},"end":{"line":62,"column":16}}},"fnMap":{"0":{"name":"(anonymous_0)","decl":{"start":{"line":4,"column":17},"end":{"line":4,"column":18}},"loc":{"start":{"line":4,"column":26},"end":{"line":63,"column":1}},"line":4},"1":{"name":"(anonymous_1)","decl":{"start":{"line":7,"column":21},"end":{"line":7,"column":22}},"loc":{"start":{"line":7,"column":47},"end":{"line":13,"column":3}},"line":7},"2":{"name":"(anonymous_2)","decl":{"start":{"line":14,"column":19},"end":{"line":14,"column":20}},"loc":{"start":{"line":14,"column":45},"end":{"line":22,"column":3}},"line":14},"3":{"name":"(anonymous_3)","decl":{"start":{"line":24,"column":18},"end":{"line":24,"column":19}},"loc":{"start":{"line":24,"column":44},"end":{"line":33,"column":3}},"line":24},"4":{"name":"(anonymous_4)","decl":{"start":{"line":35,"column":21},"end":{"line":35,"column":22}},"loc":{"start":{"line":35,"column":47},"end":{"line":42,"column":3}},"line":35},"5":{"name":"(anonymous_5)","decl":{"start":{"line":44,"column":21},"end":{"line":44,"column":22}},"loc":{"start":{"line":44,"column":47},"end":{"line":51,"column":3}},"line":44},"6":{"name":"(anonymous_6)","decl":{"start":{"line":53,"column":24},"end":{"line":53,"column":25}},"loc":{"start":{"line":53,"column":50},"end":{"line":61,"column":3}},"line":53}},"branchMap":{"0":{"loc":{"start":{"line":10,"column":4},"end":{"line":12,"column":5}},"type":"if","locations":[{"start":{"line":10,"column":4},"end":{"line":12,"column":5}},{"start":{},"end":{}}],"line":10},"1":{"loc":{"start":{"line":27,"column":6},"end":{"line":29,"column":7}},"type":"if","locations":[{"start":{"line":27,"column":6},"end":{"line":29,"column":7}},{"start":{},"end":{}}],"line":27}},"s":{"0":6,"1":6,"2":6,"3":6,"4":6,"5":6,"6":6,"7":2,"8":4,"9":6,"10":3,"11":3,"12":1,"13":2,"14":6,"15":1,"16":1,"17":1,"18":1,"19":0,"20":6,"21":1,"22":1,"23":1,"24":0,"25":6,"26":1,"27":1,"28":1,"29":0,"30":6,"31":2,"32":2,"33":1,"34":1,"35":1,"36":6},"f":{"0":6,"1":6,"2":3,"3":1,"4":1,"5":1,"6":2},"b":{"0":[2,4],"1":[1,0]},"_coverageSchema":"1a1c01bbd47fc00a2c39e90264f33305004495a9","hash":"ebacccc346cc44f49151a798e1855d2202c46de6"}
,"C:\\Users\\thiag\\OneDrive\\Documentos\\GitHub\\FinancialManager-Api\\src\\routes\\auth.js": {"path":"C:\\Users\\thiag\\OneDrive\\Documentos\\GitHub\\FinancialManager-Api\\src\\routes\\auth.js","statementMap":{"0":{"start":{"line":3,"column":16},"end":{"line":3,"column":34}},"1":{"start":{"line":4,"column":12},"end":{"line":4,"column":33}},"2":{"start":{"line":5,"column":15},"end":{"line":5,"column":32}},"3":{"start":{"line":7,"column":15},"end":{"line":7,"column":23}},"4":{"start":{"line":9,"column":0},"end":{"line":40,"column":2}},"5":{"start":{"line":10,"column":17},"end":{"line":10,"column":33}},"6":{"start":{"line":12,"column":2},"end":{"line":27,"column":5}},"7":{"start":{"line":13,"column":4},"end":{"line":26,"column":9}},"8":{"start":{"line":15,"column":8},"end":{"line":23,"column":61}},"9":{"start":{"line":16,"column":26},"end":{"line":20,"column":11}},"10":{"start":{"line":21,"column":24},"end":{"line":21,"column":51}},"11":{"start":{"line":22,"column":10},"end":{"line":22,"column":42}},"12":{"start":{"line":23,"column":15},"end":{"line":23,"column":61}},"13":{"start":{"line":25,"column":8},"end":{"line":25,"column":18}},"14":{"start":{"line":29,"column":2},"end":{"line":37,"column":5}},"15":{"start":{"line":30,"column":4},"end":{"line":36,"column":5}},"16":{"start":{"line":31,"column":21},"end":{"line":31,"column":59}},"17":{"start":{"line":32,"column":6},"end":{"line":32,"column":26}},"18":{"start":{"line":33,"column":6},"end":{"line":33,"column":38}},"19":{"start":{"line":35,"column":6},"end":{"line":35,"column":16}},"20":{"start":{"line":39,"column":2},"end":{"line":39,"column":16}}},"fnMap":{"0":{"name":"(anonymous_0)","decl":{"start":{"line":9,"column":17},"end":{"line":9,"column":18}},"loc":{"start":{"line":9,"column":26},"end":{"line":40,"column":1}},"line":9},"1":{"name":"(anonymous_1)","decl":{"start":{"line":12,"column":25},"end":{"line":12,"column":26}},"loc":{"start":{"line":12,"column":45},"end":{"line":27,"column":3}},"line":12},"2":{"name":"(anonymous_2)","decl":{"start":{"line":14,"column":12},"end":{"line":14,"column":13}},"loc":{"start":{"line":14,"column":24},"end":{"line":24,"column":7}},"line":14},"3":{"name":"(anonymous_3)","decl":{"start":{"line":24,"column":15},"end":{"line":24,"column":16}},"loc":{"start":{"line":24,"column":24},"end":{"line":26,"column":7}},"line":24},"4":{"name":"(anonymous_4)","decl":{"start":{"line":29,"column":25},"end":{"line":29,"column":26}},"loc":{"start":{"line":29,"column":51},"end":{"line":37,"column":3}},"line":29}},"branchMap":{"0":{"loc":{"start":{"line":15,"column":8},"end":{"line":23,"column":61}},"type":"if","locations":[{"start":{"line":15,"column":8},"end":{"line":23,"column":61}},{"start":{"line":23,"column":15},"end":{"line":23,"column":61}}],"line":15}},"s":{"0":6,"1":6,"2":6,"3":6,"4":6,"5":6,"6":6,"7":2,"8":2,"9":1,"10":1,"11":1,"12":1,"13":1,"14":6,"15":0,"16":0,"17":0,"18":0,"19":0,"20":6},"f":{"0":6,"1":2,"2":2,"3":1,"4":0},"b":{"0":[1,1]},"_coverageSchema":"1a1c01bbd47fc00a2c39e90264f33305004495a9","hash":"7b0d20aa4addaf324d898590c9858055b5102d6a"}
,"C:\\Users\\thiag\\OneDrive\\Documentos\\GitHub\\FinancialManager-Api\\src\\routes\\balance.js": {"path":"C:\\Users\\thiag\\OneDrive\\Documentos\\GitHub\\FinancialManager-Api\\src\\routes\\balance.js","statementMap":{"0":{"start":{"line":2,"column":16},"end":{"line":2,"column":34}},"1":{"start":{"line":4,"column":0},"end":{"line":17,"column":2}},"2":{"start":{"line":5,"column":17},"end":{"line":5,"column":33}},"3":{"start":{"line":7,"column":2},"end":{"line":15,"column":5}},"4":{"start":{"line":8,"column":4},"end":{"line":14,"column":5}},"5":{"start":{"line":9,"column":21},"end":{"line":9,"column":71}},"6":{"start":{"line":10,"column":6},"end":{"line":10,"column":31}},"7":{"start":{"line":11,"column":6},"end":{"line":11,"column":35}},"8":{"start":{"line":13,"column":6},"end":{"line":13,"column":16}},"9":{"start":{"line":16,"column":2},"end":{"line":16,"column":16}}},"fnMap":{"0":{"name":"(anonymous_0)","decl":{"start":{"line":4,"column":17},"end":{"line":4,"column":18}},"loc":{"start":{"line":4,"column":26},"end":{"line":17,"column":1}},"line":4},"1":{"name":"(anonymous_1)","decl":{"start":{"line":7,"column":18},"end":{"line":7,"column":19}},"loc":{"start":{"line":7,"column":44},"end":{"line":15,"column":3}},"line":7}},"branchMap":{},"s":{"0":6,"1":6,"2":6,"3":6,"4":9,"5":9,"6":9,"7":9,"8":0,"9":6},"f":{"0":6,"1":9},"b":{},"_coverageSchema":"1a1c01bbd47fc00a2c39e90264f33305004495a9","hash":"c6b00709f14a69262072c169848b805e3c97c888"}
,"C:\\Users\\thiag\\OneDrive\\Documentos\\GitHub\\FinancialManager-Api\\src\\routes\\transactions.js": {"path":"C:\\Users\\thiag\\OneDrive\\Documentos\\GitHub\\FinancialManager-Api\\src\\routes\\transactions.js","statementMap":{"0":{"start":{"line":2,"column":16},"end":{"line":2,"column":34}},"1":{"start":{"line":4,"column":0},"end":{"line":61,"column":2}},"2":{"start":{"line":5,"column":17},"end":{"line":5,"column":33}},"3":{"start":{"line":7,"column":2},"end":{"line":12,"column":5}},"4":{"start":{"line":8,"column":19},"end":{"line":8,"column":93}},"5":{"start":{"line":9,"column":4},"end":{"line":9,"column":24}},"6":{"start":{"line":10,"column":4},"end":{"line":11,"column":68}},"7":{"start":{"line":10,"column":27},"end":{"line":10,"column":34}},"8":{"start":{"line":11,"column":9},"end":{"line":11,"column":68}},"9":{"start":{"line":14,"column":2},"end":{"line":22,"column":5}},"10":{"start":{"line":15,"column":4},"end":{"line":21,"column":5}},"11":{"start":{"line":16,"column":21},"end":{"line":16,"column":69}},"12":{"start":{"line":17,"column":6},"end":{"line":17,"column":35}},"13":{"start":{"line":20,"column":6},"end":{"line":20,"column":16}},"14":{"start":{"line":24,"column":2},"end":{"line":31,"column":5}},"15":{"start":{"line":25,"column":4},"end":{"line":30,"column":5}},"16":{"start":{"line":26,"column":21},"end":{"line":26,"column":66}},"17":{"start":{"line":27,"column":6},"end":{"line":27,"column":35}},"18":{"start":{"line":29,"column":6},"end":{"line":29,"column":16}},"19":{"start":{"line":33,"column":2},"end":{"line":40,"column":5}},"20":{"start":{"line":34,"column":4},"end":{"line":39,"column":5}},"21":{"start":{"line":35,"column":21},"end":{"line":35,"column":85}},"22":{"start":{"line":36,"column":6},"end":{"line":36,"column":35}},"23":{"start":{"line":38,"column":6},"end":{"line":38,"column":16}},"24":{"start":{"line":42,"column":2},"end":{"line":49,"column":5}},"25":{"start":{"line":43,"column":4},"end":{"line":48,"column":5}},"26":{"start":{"line":44,"column":21},"end":{"line":44,"column":83}},"27":{"start":{"line":45,"column":6},"end":{"line":45,"column":35}},"28":{"start":{"line":47,"column":6},"end":{"line":47,"column":16}},"29":{"start":{"line":51,"column":2},"end":{"line":58,"column":5}},"30":{"start":{"line":52,"column":4},"end":{"line":57,"column":5}},"31":{"start":{"line":53,"column":21},"end":{"line":53,"column":73}},"32":{"start":{"line":54,"column":6},"end":{"line":54,"column":35}},"33":{"start":{"line":56,"column":6},"end":{"line":56,"column":16}},"34":{"start":{"line":60,"column":2},"end":{"line":60,"column":16}}},"fnMap":{"0":{"name":"(anonymous_0)","decl":{"start":{"line":4,"column":17},"end":{"line":4,"column":18}},"loc":{"start":{"line":4,"column":26},"end":{"line":61,"column":1}},"line":4},"1":{"name":"(anonymous_1)","decl":{"start":{"line":7,"column":21},"end":{"line":7,"column":22}},"loc":{"start":{"line":7,"column":47},"end":{"line":12,"column":3}},"line":7},"2":{"name":"(anonymous_2)","decl":{"start":{"line":14,"column":18},"end":{"line":14,"column":19}},"loc":{"start":{"line":14,"column":44},"end":{"line":22,"column":3}},"line":14},"3":{"name":"(anonymous_3)","decl":{"start":{"line":24,"column":19},"end":{"line":24,"column":20}},"loc":{"start":{"line":24,"column":45},"end":{"line":31,"column":3}},"line":24},"4":{"name":"(anonymous_4)","decl":{"start":{"line":33,"column":21},"end":{"line":33,"column":22}},"loc":{"start":{"line":33,"column":47},"end":{"line":40,"column":3}},"line":33},"5":{"name":"(anonymous_5)","decl":{"start":{"line":42,"column":21},"end":{"line":42,"column":22}},"loc":{"start":{"line":42,"column":47},"end":{"line":49,"column":3}},"line":42},"6":{"name":"(anonymous_6)","decl":{"start":{"line":51,"column":24},"end":{"line":51,"column":25}},"loc":{"start":{"line":51,"column":50},"end":{"line":58,"column":3}},"line":51}},"branchMap":{"0":{"loc":{"start":{"line":10,"column":4},"end":{"line":11,"column":68}},"type":"if","locations":[{"start":{"line":10,"column":4},"end":{"line":11,"column":68}},{"start":{"line":11,"column":9},"end":{"line":11,"column":68}}],"line":10}},"s":{"0":6,"1":6,"2":6,"3":6,"4":4,"5":4,"6":4,"7":3,"8":1,"9":6,"10":1,"11":1,"12":1,"13":0,"14":6,"15":11,"16":11,"17":11,"18":0,"19":6,"20":1,"21":1,"22":1,"23":0,"24":6,"25":1,"26":1,"27":1,"28":0,"29":6,"30":1,"31":1,"32":1,"33":0,"34":6},"f":{"0":6,"1":4,"2":1,"3":11,"4":1,"5":1,"6":1},"b":{"0":[3,1]},"_coverageSchema":"1a1c01bbd47fc00a2c39e90264f33305004495a9","hash":"1ef034096c5db2a1704666a13b787ae00123b7fb"}
,"C:\\Users\\thiag\\OneDrive\\Documentos\\GitHub\\FinancialManager-Api\\src\\routes\\transfers.js": {"path":"C:\\Users\\thiag\\OneDrive\\Documentos\\GitHub\\FinancialManager-Api\\src\\routes\\transfers.js","statementMap":{"0":{"start":{"line":2,"column":16},"end":{"line":2,"column":34}},"1":{"start":{"line":4,"column":0},"end":{"line":61,"column":2}},"2":{"start":{"line":5,"column":17},"end":{"line":5,"column":33}},"3":{"start":{"line":7,"column":2},"end":{"line":12,"column":5}},"4":{"start":{"line":8,"column":19},"end":{"line":8,"column":74}},"5":{"start":{"line":9,"column":4},"end":{"line":11,"column":5}},"6":{"start":{"line":10,"column":6},"end":{"line":10,"column":65}},"7":{"start":{"line":11,"column":6},"end":{"line":11,"column":13}},"8":{"start":{"line":13,"column":2},"end":{"line":20,"column":5}},"9":{"start":{"line":14,"column":4},"end":{"line":19,"column":5}},"10":{"start":{"line":15,"column":23},"end":{"line":15,"column":84}},"11":{"start":{"line":16,"column":6},"end":{"line":16,"column":37}},"12":{"start":{"line":18,"column":6},"end":{"line":18,"column":16}},"13":{"start":{"line":22,"column":2},"end":{"line":29,"column":5}},"14":{"start":{"line":23,"column":4},"end":{"line":28,"column":5}},"15":{"start":{"line":24,"column":23},"end":{"line":24,"column":78}},"16":{"start":{"line":25,"column":6},"end":{"line":25,"column":37}},"17":{"start":{"line":27,"column":6},"end":{"line":27,"column":16}},"18":{"start":{"line":31,"column":2},"end":{"line":41,"column":5}},"19":{"start":{"line":32,"column":4},"end":{"line":40,"column":5}},"20":{"start":{"line":33,"column":6},"end":{"line":37,"column":7}},"21":{"start":{"line":34,"column":25},"end":{"line":34,"column":67}},"22":{"start":{"line":35,"column":8},"end":{"line":35,"column":39}},"23":{"start":{"line":39,"column":6},"end":{"line":39,"column":16}},"24":{"start":{"line":43,"column":2},"end":{"line":50,"column":5}},"25":{"start":{"line":44,"column":4},"end":{"line":49,"column":5}},"26":{"start":{"line":45,"column":23},"end":{"line":45,"column":82}},"27":{"start":{"line":46,"column":6},"end":{"line":46,"column":37}},"28":{"start":{"line":48,"column":6},"end":{"line":48,"column":16}},"29":{"start":{"line":52,"column":2},"end":{"line":59,"column":5}},"30":{"start":{"line":53,"column":4},"end":{"line":58,"column":5}},"31":{"start":{"line":54,"column":21},"end":{"line":54,"column":70}},"32":{"start":{"line":55,"column":6},"end":{"line":55,"column":35}},"33":{"start":{"line":57,"column":6},"end":{"line":57,"column":16}},"34":{"start":{"line":60,"column":2},"end":{"line":60,"column":16}}},"fnMap":{"0":{"name":"(anonymous_0)","decl":{"start":{"line":4,"column":17},"end":{"line":4,"column":18}},"loc":{"start":{"line":4,"column":26},"end":{"line":61,"column":1}},"line":4},"1":{"name":"(anonymous_1)","decl":{"start":{"line":7,"column":21},"end":{"line":7,"column":22}},"loc":{"start":{"line":7,"column":47},"end":{"line":12,"column":3}},"line":7},"2":{"name":"(anonymous_2)","decl":{"start":{"line":13,"column":18},"end":{"line":13,"column":19}},"loc":{"start":{"line":13,"column":44},"end":{"line":20,"column":3}},"line":13},"3":{"name":"(anonymous_3)","decl":{"start":{"line":22,"column":21},"end":{"line":22,"column":22}},"loc":{"start":{"line":22,"column":47},"end":{"line":29,"column":3}},"line":22},"4":{"name":"(anonymous_4)","decl":{"start":{"line":31,"column":19},"end":{"line":31,"column":20}},"loc":{"start":{"line":31,"column":45},"end":{"line":41,"column":3}},"line":31},"5":{"name":"(anonymous_5)","decl":{"start":{"line":43,"column":21},"end":{"line":43,"column":22}},"loc":{"start":{"line":43,"column":47},"end":{"line":50,"column":3}},"line":43},"6":{"name":"(anonymous_6)","decl":{"start":{"line":52,"column":24},"end":{"line":52,"column":25}},"loc":{"start":{"line":52,"column":50},"end":{"line":59,"column":3}},"line":52}},"branchMap":{"0":{"loc":{"start":{"line":9,"column":4},"end":{"line":11,"column":5}},"type":"if","locations":[{"start":{"line":9,"column":4},"end":{"line":11,"column":5}},{"start":{},"end":{}}],"line":9},"1":{"loc":{"start":{"line":33,"column":6},"end":{"line":37,"column":7}},"type":"if","locations":[{"start":{"line":33,"column":6},"end":{"line":37,"column":7}},{"start":{},"end":{}}],"line":33}},"s":{"0":6,"1":6,"2":6,"3":6,"4":3,"5":3,"6":0,"7":3,"8":6,"9":1,"10":1,"11":1,"12":0,"13":6,"14":1,"15":1,"16":1,"17":0,"18":6,"19":11,"20":11,"21":9,"22":3,"23":6,"24":6,"25":1,"26":1,"27":1,"28":0,"29":6,"30":1,"31":1,"32":1,"33":0,"34":6},"f":{"0":6,"1":3,"2":1,"3":1,"4":11,"5":1,"6":1},"b":{"0":[0,3],"1":[9,2]},"_coverageSchema":"1a1c01bbd47fc00a2c39e90264f33305004495a9","hash":"e13f84f797f9e4ddf43233c9ca6efdb06f0ad963"}
,"C:\\Users\\thiag\\OneDrive\\Documentos\\GitHub\\FinancialManager-Api\\src\\routes\\users.js": {"path":"C:\\Users\\thiag\\OneDrive\\Documentos\\GitHub\\FinancialManager-Api\\src\\routes\\users.js","statementMap":{"0":{"start":{"line":2,"column":16},"end":{"line":2,"column":34}},"1":{"start":{"line":4,"column":0},"end":{"line":20,"column":2}},"2":{"start":{"line":5,"column":17},"end":{"line":5,"column":33}},"3":{"start":{"line":7,"column":2},"end":{"line":10,"column":5}},"4":{"start":{"line":8,"column":19},"end":{"line":8,"column":52}},"5":{"start":{"line":9,"column":4},"end":{"line":9,"column":33}},"6":{"start":{"line":11,"column":2},"end":{"line":18,"column":5}},"7":{"start":{"line":12,"column":4},"end":{"line":17,"column":5}},"8":{"start":{"line":13,"column":21},"end":{"line":13,"column":59}},"9":{"start":{"line":14,"column":6},"end":{"line":14,"column":38}},"10":{"start":{"line":16,"column":6},"end":{"line":16,"column":16}},"11":{"start":{"line":19,"column":2},"end":{"line":19,"column":16}}},"fnMap":{"0":{"name":"(anonymous_0)","decl":{"start":{"line":4,"column":17},"end":{"line":4,"column":18}},"loc":{"start":{"line":4,"column":26},"end":{"line":20,"column":1}},"line":4},"1":{"name":"(anonymous_1)","decl":{"start":{"line":7,"column":18},"end":{"line":7,"column":19}},"loc":{"start":{"line":7,"column":38},"end":{"line":10,"column":3}},"line":7},"2":{"name":"(anonymous_2)","decl":{"start":{"line":11,"column":19},"end":{"line":11,"column":20}},"loc":{"start":{"line":11,"column":45},"end":{"line":18,"column":3}},"line":11}},"branchMap":{},"s":{"0":6,"1":6,"2":6,"3":6,"4":1,"5":1,"6":6,"7":7,"8":7,"9":2,"10":5,"11":6},"f":{"0":6,"1":1,"2":7},"b":{},"_coverageSchema":"1a1c01bbd47fc00a2c39e90264f33305004495a9","hash":"63733b4f217bb57323a0cf93a5fa7e4b6c51451b"}
,"C:\\Users\\thiag\\OneDrive\\Documentos\\GitHub\\FinancialManager-Api\\src\\seeds\\01_transfer.js": {"path":"C:\\Users\\thiag\\OneDrive\\Documentos\\GitHub\\FinancialManager-Api\\src\\seeds\\01_transfer.js","statementMap":{"0":{"start":{"line":6,"column":0},"end":{"line":32,"column":2}},"1":{"start":{"line":8,"column":2},"end":{"line":8,"column":35}},"2":{"start":{"line":9,"column":2},"end":{"line":9,"column":32}},"3":{"start":{"line":10,"column":2},"end":{"line":10,"column":31}},"4":{"start":{"line":11,"column":2},"end":{"line":11,"column":28}},"5":{"start":{"line":12,"column":2},"end":{"line":15,"column":5}},"6":{"start":{"line":16,"column":2},"end":{"line":21,"column":5}},"7":{"start":{"line":22,"column":2},"end":{"line":25,"column":5}},"8":{"start":{"line":26,"column":2},"end":{"line":31,"column":5}}},"fnMap":{"0":{"name":"(anonymous_0)","decl":{"start":{"line":6,"column":15},"end":{"line":6,"column":16}},"loc":{"start":{"line":6,"column":31},"end":{"line":32,"column":1}},"line":6}},"branchMap":{},"s":{"0":1,"1":1,"2":1,"3":1,"4":1,"5":1,"6":1,"7":1,"8":1},"f":{"0":1},"b":{},"_coverageSchema":"1a1c01bbd47fc00a2c39e90264f33305004495a9","hash":"a74068712fb68934fded46d967b6014a8e5eb975"}
,"C:\\Users\\thiag\\OneDrive\\Documentos\\GitHub\\FinancialManager-Api\\src\\seeds\\02_balance.js": {"path":"C:\\Users\\thiag\\OneDrive\\Documentos\\GitHub\\FinancialManager-Api\\src\\seeds\\02_balance.js","statementMap":{"0":{"start":{"line":6,"column":0},"end":{"line":17,"column":2}},"1":{"start":{"line":7,"column":2},"end":{"line":10,"column":5}},"2":{"start":{"line":11,"column":2},"end":{"line":16,"column":5}}},"fnMap":{"0":{"name":"(anonymous_0)","decl":{"start":{"line":6,"column":15},"end":{"line":6,"column":16}},"loc":{"start":{"line":6,"column":31},"end":{"line":17,"column":1}},"line":6}},"branchMap":{},"s":{"0":1,"1":1,"2":1},"f":{"0":1},"b":{},"_coverageSchema":"1a1c01bbd47fc00a2c39e90264f33305004495a9","hash":"c55fb4d66b99c9dbf3cb109e3a4a6fdef5408a93"}
,"C:\\Users\\thiag\\OneDrive\\Documentos\\GitHub\\FinancialManager-Api\\src\\services\\accounts.js": {"path":"C:\\Users\\thiag\\OneDrive\\Documentos\\GitHub\\FinancialManager-Api\\src\\services\\accounts.js","statementMap":{"0":{"start":{"line":3,"column":24},"end":{"line":3,"column":61}},"1":{"start":{"line":7,"column":0},"end":{"line":32,"column":2}},"2":{"start":{"line":8,"column":18},"end":{"line":8,"column":79}},"3":{"start":{"line":8,"column":35},"end":{"line":8,"column":79}},"4":{"start":{"line":9,"column":15},"end":{"line":9,"column":72}},"5":{"start":{"line":9,"column":32},"end":{"line":9,"column":72}},"6":{"start":{"line":11,"column":15},"end":{"line":16,"column":3}},"7":{"start":{"line":12,"column":4},"end":{"line":12,"column":105}},"8":{"start":{"line":12,"column":47},"end":{"line":12,"column":105}},"9":{"start":{"line":13,"column":23},"end":{"line":13,"column":83}},"10":{"start":{"line":14,"column":4},"end":{"line":14,"column":69}},"11":{"start":{"line":14,"column":20},"end":{"line":14,"column":69}},"12":{"start":{"line":15,"column":4},"end":{"line":15,"column":53}},"13":{"start":{"line":18,"column":17},"end":{"line":20,"column":25}},"14":{"start":{"line":18,"column":34},"end":{"line":20,"column":25}},"15":{"start":{"line":22,"column":17},"end":{"line":28,"column":3}},"16":{"start":{"line":23,"column":24},"end":{"line":23,"column":78}},"17":{"start":{"line":24,"column":4},"end":{"line":24,"column":80}},"18":{"start":{"line":24,"column":21},"end":{"line":24,"column":80}},"19":{"start":{"line":25,"column":4},"end":{"line":27,"column":13}},"20":{"start":{"line":29,"column":2},"end":{"line":31,"column":4}}},"fnMap":{"0":{"name":"(anonymous_0)","decl":{"start":{"line":7,"column":17},"end":{"line":7,"column":18}},"loc":{"start":{"line":7,"column":26},"end":{"line":32,"column":1}},"line":7},"1":{"name":"(anonymous_1)","decl":{"start":{"line":8,"column":18},"end":{"line":8,"column":19}},"loc":{"start":{"line":8,"column":35},"end":{"line":8,"column":79}},"line":8},"2":{"name":"(anonymous_2)","decl":{"start":{"line":9,"column":15},"end":{"line":9,"column":16}},"loc":{"start":{"line":9,"column":32},"end":{"line":9,"column":72}},"line":9},"3":{"name":"(anonymous_3)","decl":{"start":{"line":11,"column":15},"end":{"line":11,"column":16}},"loc":{"start":{"line":11,"column":34},"end":{"line":16,"column":3}},"line":11},"4":{"name":"(anonymous_4)","decl":{"start":{"line":18,"column":17},"end":{"line":18,"column":18}},"loc":{"start":{"line":18,"column":34},"end":{"line":20,"column":25}},"line":18},"5":{"name":"(anonymous_5)","decl":{"start":{"line":22,"column":17},"end":{"line":22,"column":18}},"loc":{"start":{"line":22,"column":31},"end":{"line":28,"column":3}},"line":22}},"branchMap":{"0":{"loc":{"start":{"line":8,"column":19},"end":{"line":8,"column":30}},"type":"default-arg","locations":[{"start":{"line":8,"column":28},"end":{"line":8,"column":30}}],"line":8},"1":{"loc":{"start":{"line":9,"column":16},"end":{"line":9,"column":27}},"type":"default-arg","locations":[{"start":{"line":9,"column":25},"end":{"line":9,"column":27}}],"line":9},"2":{"loc":{"start":{"line":12,"column":4},"end":{"line":12,"column":105}},"type":"if","locations":[{"start":{"line":12,"column":4},"end":{"line":12,"column":105}},{"start":{},"end":{}}],"line":12},"3":{"loc":{"start":{"line":12,"column":8},"end":{"line":12,"column":45}},"type":"binary-expr","locations":[{"start":{"line":12,"column":8},"end":{"line":12,"column":21}},{"start":{"line":12,"column":25},"end":{"line":12,"column":45}}],"line":12},"4":{"loc":{"start":{"line":14,"column":4},"end":{"line":14,"column":69}},"type":"if","locations":[{"start":{"line":14,"column":4},"end":{"line":14,"column":69}},{"start":{},"end":{}}],"line":14},"5":{"loc":{"start":{"line":24,"column":4},"end":{"line":24,"column":80}},"type":"if","locations":[{"start":{"line":24,"column":4},"end":{"line":24,"column":80}},{"start":{},"end":{}}],"line":24}},"s":{"0":6,"1":6,"2":6,"3":2,"4":6,"5":11,"6":6,"7":5,"8":1,"9":4,"10":4,"11":1,"12":3,"13":6,"14":1,"15":6,"16":2,"17":2,"18":1,"19":1,"20":6},"f":{"0":6,"1":2,"2":11,"3":5,"4":1,"5":2},"b":{"0":[0],"1":[0],"2":[1,4],"3":[5,4],"4":[1,3],"5":[1,1]},"_coverageSchema":"1a1c01bbd47fc00a2c39e90264f33305004495a9","hash":"8b1ca4a0f1ce926e8f3f8ddb03978edc50696fd8"}
,"C:\\Users\\thiag\\OneDrive\\Documentos\\GitHub\\FinancialManager-Api\\src\\services\\balance.js": {"path":"C:\\Users\\thiag\\OneDrive\\Documentos\\GitHub\\FinancialManager-Api\\src\\services\\balance.js","statementMap":{"0":{"start":{"line":3,"column":0},"end":{"line":13,"column":2}},"1":{"start":{"line":4,"column":21},"end":{"line":11,"column":27}},"2":{"start":{"line":4,"column":33},"end":{"line":11,"column":27}},"3":{"start":{"line":12,"column":2},"end":{"line":12,"column":24}}},"fnMap":{"0":{"name":"(anonymous_0)","decl":{"start":{"line":3,"column":17},"end":{"line":3,"column":18}},"loc":{"start":{"line":3,"column":26},"end":{"line":13,"column":1}},"line":3},"1":{"name":"(anonymous_1)","decl":{"start":{"line":4,"column":21},"end":{"line":4,"column":22}},"loc":{"start":{"line":4,"column":33},"end":{"line":11,"column":27}},"line":4}},"branchMap":{},"s":{"0":6,"1":6,"2":9,"3":6},"f":{"0":6,"1":9},"b":{},"_coverageSchema":"1a1c01bbd47fc00a2c39e90264f33305004495a9","hash":"fc24a597399d9ea03489f27747dbf15f94f8c452"}
,"C:\\Users\\thiag\\OneDrive\\Documentos\\GitHub\\FinancialManager-Api\\src\\services\\transaction.js": {"path":"C:\\Users\\thiag\\OneDrive\\Documentos\\GitHub\\FinancialManager-Api\\src\\services\\transaction.js","statementMap":{"0":{"start":{"line":1,"column":24},"end":{"line":1,"column":61}},"1":{"start":{"line":5,"column":0},"end":{"line":41,"column":2}},"2":{"start":{"line":6,"column":15},"end":{"line":10,"column":16}},"3":{"start":{"line":6,"column":40},"end":{"line":10,"column":16}},"4":{"start":{"line":12,"column":16},"end":{"line":15,"column":16}},"5":{"start":{"line":12,"column":41},"end":{"line":15,"column":16}},"6":{"start":{"line":17,"column":18},"end":{"line":17,"column":79}},"7":{"start":{"line":17,"column":35},"end":{"line":17,"column":79}},"8":{"start":{"line":18,"column":15},"end":{"line":31,"column":3}},"9":{"start":{"line":19,"column":4},"end":{"line":19,"column":87}},"10":{"start":{"line":19,"column":34},"end":{"line":19,"column":87}},"11":{"start":{"line":20,"column":4},"end":{"line":20,"column":73}},"12":{"start":{"line":20,"column":27},"end":{"line":20,"column":73}},"13":{"start":{"line":21,"column":4},"end":{"line":21,"column":104}},"14":{"start":{"line":21,"column":62},"end":{"line":21,"column":104}},"15":{"start":{"line":22,"column":4},"end":{"line":22,"column":73}},"16":{"start":{"line":22,"column":27},"end":{"line":22,"column":73}},"17":{"start":{"line":23,"column":4},"end":{"line":23,"column":77}},"18":{"start":{"line":23,"column":29},"end":{"line":23,"column":77}},"19":{"start":{"line":24,"column":4},"end":{"line":24,"column":77}},"20":{"start":{"line":24,"column":29},"end":{"line":24,"column":77}},"21":{"start":{"line":25,"column":27},"end":{"line":25,"column":45}},"22":{"start":{"line":26,"column":4},"end":{"line":29,"column":5}},"23":{"start":{"line":28,"column":6},"end":{"line":28,"column":34}},"24":{"start":{"line":30,"column":4},"end":{"line":30,"column":64}},"25":{"start":{"line":32,"column":17},"end":{"line":34,"column":29}},"26":{"start":{"line":32,"column":38},"end":{"line":34,"column":29}},"27":{"start":{"line":36,"column":17},"end":{"line":36,"column":74}},"28":{"start":{"line":36,"column":25},"end":{"line":36,"column":74}},"29":{"start":{"line":38,"column":2},"end":{"line":40,"column":4}}},"fnMap":{"0":{"name":"(anonymous_0)","decl":{"start":{"line":5,"column":17},"end":{"line":5,"column":18}},"loc":{"start":{"line":5,"column":26},"end":{"line":41,"column":1}},"line":5},"1":{"name":"(anonymous_1)","decl":{"start":{"line":6,"column":15},"end":{"line":6,"column":16}},"loc":{"start":{"line":6,"column":40},"end":{"line":10,"column":16}},"line":6},"2":{"name":"(anonymous_2)","decl":{"start":{"line":12,"column":16},"end":{"line":12,"column":17}},"loc":{"start":{"line":12,"column":41},"end":{"line":15,"column":16}},"line":12},"3":{"name":"(anonymous_3)","decl":{"start":{"line":17,"column":18},"end":{"line":17,"column":19}},"loc":{"start":{"line":17,"column":35},"end":{"line":17,"column":79}},"line":17},"4":{"name":"(anonymous_4)","decl":{"start":{"line":18,"column":15},"end":{"line":18,"column":16}},"loc":{"start":{"line":18,"column":32},"end":{"line":31,"column":3}},"line":18},"5":{"name":"(anonymous_5)","decl":{"start":{"line":32,"column":17},"end":{"line":32,"column":18}},"loc":{"start":{"line":32,"column":38},"end":{"line":34,"column":29}},"line":32},"6":{"name":"(anonymous_6)","decl":{"start":{"line":36,"column":17},"end":{"line":36,"column":18}},"loc":{"start":{"line":36,"column":25},"end":{"line":36,"column":74}},"line":36}},"branchMap":{"0":{"loc":{"start":{"line":6,"column":24},"end":{"line":6,"column":35}},"type":"default-arg","locations":[{"start":{"line":6,"column":33},"end":{"line":6,"column":35}}],"line":6},"1":{"loc":{"start":{"line":17,"column":19},"end":{"line":17,"column":30}},"type":"default-arg","locations":[{"start":{"line":17,"column":28},"end":{"line":17,"column":30}}],"line":17},"2":{"loc":{"start":{"line":19,"column":4},"end":{"line":19,"column":87}},"type":"if","locations":[{"start":{"line":19,"column":4},"end":{"line":19,"column":87}},{"start":{},"end":{}}],"line":19},"3":{"loc":{"start":{"line":20,"column":4},"end":{"line":20,"column":73}},"type":"if","locations":[{"start":{"line":20,"column":4},"end":{"line":20,"column":73}},{"start":{},"end":{}}],"line":20},"4":{"loc":{"start":{"line":21,"column":4},"end":{"line":21,"column":104}},"type":"if","locations":[{"start":{"line":21,"column":4},"end":{"line":21,"column":104}},{"start":{},"end":{}}],"line":21},"5":{"loc":{"start":{"line":21,"column":8},"end":{"line":21,"column":60}},"type":"binary-expr","locations":[{"start":{"line":21,"column":8},"end":{"line":21,"column":32}},{"start":{"line":21,"column":36},"end":{"line":21,"column":60}}],"line":21},"6":{"loc":{"start":{"line":22,"column":4},"end":{"line":22,"column":73}},"type":"if","locations":[{"start":{"line":22,"column":4},"end":{"line":22,"column":73}},{"start":{},"end":{}}],"line":22},"7":{"loc":{"start":{"line":23,"column":4},"end":{"line":23,"column":77}},"type":"if","locations":[{"start":{"line":23,"column":4},"end":{"line":23,"column":77}},{"start":{},"end":{}}],"line":23},"8":{"loc":{"start":{"line":24,"column":4},"end":{"line":24,"column":77}},"type":"if","locations":[{"start":{"line":24,"column":4},"end":{"line":24,"column":77}},{"start":{},"end":{}}],"line":24},"9":{"loc":{"start":{"line":26,"column":4},"end":{"line":29,"column":5}},"type":"if","locations":[{"start":{"line":26,"column":4},"end":{"line":29,"column":5}},{"start":{},"end":{}}],"line":26},"10":{"loc":{"start":{"line":26,"column":8},"end":{"line":27,"column":60}},"type":"binary-expr","locations":[{"start":{"line":26,"column":9},"end":{"line":26,"column":33}},{"start":{"line":26,"column":37},"end":{"line":26,"column":59}},{"start":{"line":27,"column":9},"end":{"line":27,"column":33}},{"start":{"line":27,"column":37},"end":{"line":27,"column":59}}],"line":26}},"s":{"0":6,"1":6,"2":6,"3":5,"4":6,"5":0,"6":6,"7":3,"8":6,"9":11,"10":0,"11":11,"12":0,"13":11,"14":0,"15":11,"16":0,"17":11,"18":0,"19":11,"20":0,"21":11,"22":11,"23":5,"24":11,"25":6,"26":1,"27":6,"28":1,"29":6},"f":{"0":6,"1":5,"2":0,"3":3,"4":11,"5":1,"6":1},"b":{"0":[1],"1":[0],"2":[0,11],"3":[0,11],"4":[0,11],"5":[11,7],"6":[0,11],"7":[0,11],"8":[0,11],"9":[5,6],"10":[11,7,10,4]},"_coverageSchema":"1a1c01bbd47fc00a2c39e90264f33305004495a9","hash":"109293b79adb3e6dfe8b4666a2a9bbda9d09ccd0"}
,"C:\\Users\\thiag\\OneDrive\\Documentos\\GitHub\\FinancialManager-Api\\src\\services\\transfer.js": {"path":"C:\\Users\\thiag\\OneDrive\\Documentos\\GitHub\\FinancialManager-Api\\src\\services\\transfer.js","statementMap":{"0":{"start":{"line":1,"column":24},"end":{"line":1,"column":61}},"1":{"start":{"line":5,"column":0},"end":{"line":86,"column":2}},"2":{"start":{"line":6,"column":18},"end":{"line":6,"column":80}},"3":{"start":{"line":6,"column":35},"end":{"line":6,"column":80}},"4":{"start":{"line":7,"column":15},"end":{"line":7,"column":73}},"5":{"start":{"line":7,"column":32},"end":{"line":7,"column":73}},"6":{"start":{"line":8,"column":17},"end":{"line":11,"column":3}},"7":{"start":{"line":9,"column":4},"end":{"line":9,"column":66}},"8":{"start":{"line":10,"column":4},"end":{"line":10,"column":51}},"9":{"start":{"line":12,"column":19},"end":{"line":20,"column":3}},"10":{"start":{"line":13,"column":4},"end":{"line":13,"column":94}},"11":{"start":{"line":13,"column":31},"end":{"line":13,"column":94}},"12":{"start":{"line":14,"column":4},"end":{"line":14,"column":80}},"13":{"start":{"line":14,"column":24},"end":{"line":14,"column":80}},"14":{"start":{"line":15,"column":4},"end":{"line":15,"column":84}},"15":{"start":{"line":15,"column":26},"end":{"line":15,"column":84}},"16":{"start":{"line":16,"column":4},"end":{"line":16,"column":97}},"17":{"start":{"line":16,"column":31},"end":{"line":16,"column":97}},"18":{"start":{"line":17,"column":4},"end":{"line":17,"column":96}},"19":{"start":{"line":17,"column":29},"end":{"line":17,"column":96}},"20":{"start":{"line":18,"column":4},"end":{"line":18,"column":91}},"21":{"start":{"line":18,"column":27},"end":{"line":18,"column":91}},"22":{"start":{"line":19,"column":4},"end":{"line":19,"column":136}},"23":{"start":{"line":19,"column":53},"end":{"line":19,"column":136}},"24":{"start":{"line":22,"column":15},"end":{"line":50,"column":3}},"25":{"start":{"line":23,"column":4},"end":{"line":23,"column":29}},"26":{"start":{"line":24,"column":19},"end":{"line":24,"column":66}},"27":{"start":{"line":25,"column":4},"end":{"line":25,"column":30}},"28":{"start":{"line":26,"column":25},"end":{"line":46,"column":6}},"29":{"start":{"line":48,"column":4},"end":{"line":48,"column":54}},"30":{"start":{"line":49,"column":4},"end":{"line":49,"column":18}},"31":{"start":{"line":52,"column":17},"end":{"line":82,"column":3}},"32":{"start":{"line":53,"column":4},"end":{"line":53,"column":29}},"33":{"start":{"line":54,"column":19},"end":{"line":56,"column":28}},"34":{"start":{"line":58,"column":25},"end":{"line":78,"column":6}},"35":{"start":{"line":79,"column":4},"end":{"line":79,"column":66}},"36":{"start":{"line":80,"column":4},"end":{"line":80,"column":54}},"37":{"start":{"line":81,"column":4},"end":{"line":81,"column":18}},"38":{"start":{"line":83,"column":2},"end":{"line":85,"column":4}}},"fnMap":{"0":{"name":"(anonymous_0)","decl":{"start":{"line":5,"column":17},"end":{"line":5,"column":18}},"loc":{"start":{"line":5,"column":26},"end":{"line":86,"column":1}},"line":5},"1":{"name":"(anonymous_1)","decl":{"start":{"line":6,"column":18},"end":{"line":6,"column":19}},"loc":{"start":{"line":6,"column":35},"end":{"line":6,"column":80}},"line":6},"2":{"name":"(anonymous_2)","decl":{"start":{"line":7,"column":15},"end":{"line":7,"column":16}},"loc":{"start":{"line":7,"column":32},"end":{"line":7,"column":73}},"line":7},"3":{"name":"(anonymous_3)","decl":{"start":{"line":8,"column":17},"end":{"line":8,"column":18}},"loc":{"start":{"line":8,"column":31},"end":{"line":11,"column":3}},"line":8},"4":{"name":"(anonymous_4)","decl":{"start":{"line":12,"column":19},"end":{"line":12,"column":20}},"loc":{"start":{"line":12,"column":39},"end":{"line":20,"column":3}},"line":12},"5":{"name":"(anonymous_5)","decl":{"start":{"line":22,"column":15},"end":{"line":22,"column":16}},"loc":{"start":{"line":22,"column":35},"end":{"line":50,"column":3}},"line":22},"6":{"name":"(anonymous_6)","decl":{"start":{"line":52,"column":17},"end":{"line":52,"column":18}},"loc":{"start":{"line":52,"column":41},"end":{"line":82,"column":3}},"line":52}},"branchMap":{"0":{"loc":{"start":{"line":6,"column":19},"end":{"line":6,"column":30}},"type":"default-arg","locations":[{"start":{"line":6,"column":28},"end":{"line":6,"column":30}}],"line":6},"1":{"loc":{"start":{"line":7,"column":16},"end":{"line":7,"column":27}},"type":"default-arg","locations":[{"start":{"line":7,"column":25},"end":{"line":7,"column":27}}],"line":7},"2":{"loc":{"start":{"line":13,"column":4},"end":{"line":13,"column":94}},"type":"if","locations":[{"start":{"line":13,"column":4},"end":{"line":13,"column":94}},{"start":{},"end":{}}],"line":13},"3":{"loc":{"start":{"line":14,"column":4},"end":{"line":14,"column":80}},"type":"if","locations":[{"start":{"line":14,"column":4},"end":{"line":14,"column":80}},{"start":{},"end":{}}],"line":14},"4":{"loc":{"start":{"line":15,"column":4},"end":{"line":15,"column":84}},"type":"if","locations":[{"start":{"line":15,"column":4},"end":{"line":15,"column":84}},{"start":{},"end":{}}],"line":15},"5":{"loc":{"start":{"line":16,"column":4},"end":{"line":16,"column":97}},"type":"if","locations":[{"start":{"line":16,"column":4},"end":{"line":16,"column":97}},{"start":{},"end":{}}],"line":16},"6":{"loc":{"start":{"line":17,"column":4},"end":{"line":17,"column":96}},"type":"if","locations":[{"start":{"line":17,"column":4},"end":{"line":17,"column":96}},{"start":{},"end":{}}],"line":17},"7":{"loc":{"start":{"line":18,"column":4},"end":{"line":18,"column":91}},"type":"if","locations":[{"start":{"line":18,"column":4},"end":{"line":18,"column":91}},{"start":{},"end":{}}],"line":18},"8":{"loc":{"start":{"line":19,"column":4},"end":{"line":19,"column":136}},"type":"if","locations":[{"start":{"line":19,"column":4},"end":{"line":19,"column":136}},{"start":{},"end":{}}],"line":19}},"s":{"0":6,"1":6,"2":6,"3":1,"4":6,"5":4,"6":6,"7":1,"8":1,"9":6,"10":10,"11":1,"12":9,"13":1,"14":8,"15":1,"16":7,"17":1,"18":6,"19":1,"20":5,"21":0,"22":5,"23":1,"24":6,"25":9,"26":3,"27":3,"28":3,"29":3,"30":3,"31":6,"32":1,"33":1,"34":1,"35":1,"36":1,"37":1,"38":6},"f":{"0":6,"1":1,"2":4,"3":1,"4":10,"5":9,"6":1},"b":{"0":[0],"1":[0],"2":[1,9],"3":[1,8],"4":[1,7],"5":[1,6],"6":[1,5],"7":[0,5],"8":[1,4]},"_coverageSchema":"1a1c01bbd47fc00a2c39e90264f33305004495a9","hash":"8e46113ccfab95429ab1be7b833472016cdddadb"}
,"C:\\Users\\thiag\\OneDrive\\Documentos\\GitHub\\FinancialManager-Api\\src\\services\\user.js": {"path":"C:\\Users\\thiag\\OneDrive\\Documentos\\GitHub\\FinancialManager-Api\\src\\services\\user.js","statementMap":{"0":{"start":{"line":2,"column":15},"end":{"line":2,"column":32}},"1":{"start":{"line":3,"column":24},"end":{"line":3,"column":61}},"2":{"start":{"line":6,"column":0},"end":{"line":31,"column":2}},"3":{"start":{"line":7,"column":18},"end":{"line":7,"column":71}},"4":{"start":{"line":7,"column":24},"end":{"line":7,"column":71}},"5":{"start":{"line":11,"column":18},"end":{"line":11,"column":72}},"6":{"start":{"line":11,"column":35},"end":{"line":11,"column":72}},"7":{"start":{"line":12,"column":15},"end":{"line":12,"column":70}},"8":{"start":{"line":12,"column":32},"end":{"line":12,"column":70}},"9":{"start":{"line":13,"column":23},"end":{"line":16,"column":3}},"10":{"start":{"line":14,"column":17},"end":{"line":14,"column":39}},"11":{"start":{"line":15,"column":4},"end":{"line":15,"column":39}},"12":{"start":{"line":18,"column":15},"end":{"line":27,"column":3}},"13":{"start":{"line":19,"column":4},"end":{"line":19,"column":100}},"14":{"start":{"line":19,"column":41},"end":{"line":19,"column":100}},"15":{"start":{"line":20,"column":4},"end":{"line":20,"column":81}},"16":{"start":{"line":20,"column":21},"end":{"line":20,"column":81}},"17":{"start":{"line":21,"column":4},"end":{"line":21,"column":112}},"18":{"start":{"line":21,"column":49},"end":{"line":21,"column":112}},"19":{"start":{"line":22,"column":26},"end":{"line":22,"column":62}},"20":{"start":{"line":23,"column":4},"end":{"line":23,"column":80}},"21":{"start":{"line":23,"column":23},"end":{"line":23,"column":80}},"22":{"start":{"line":25,"column":4},"end":{"line":25,"column":48}},"23":{"start":{"line":26,"column":4},"end":{"line":26,"column":65}},"24":{"start":{"line":28,"column":2},"end":{"line":30,"column":4}}},"fnMap":{"0":{"name":"(anonymous_0)","decl":{"start":{"line":6,"column":17},"end":{"line":6,"column":18}},"loc":{"start":{"line":6,"column":26},"end":{"line":31,"column":1}},"line":6},"1":{"name":"(anonymous_1)","decl":{"start":{"line":7,"column":18},"end":{"line":7,"column":19}},"loc":{"start":{"line":7,"column":24},"end":{"line":7,"column":71}},"line":7},"2":{"name":"(anonymous_2)","decl":{"start":{"line":11,"column":18},"end":{"line":11,"column":19}},"loc":{"start":{"line":11,"column":35},"end":{"line":11,"column":72}},"line":11},"3":{"name":"(anonymous_3)","decl":{"start":{"line":12,"column":15},"end":{"line":12,"column":16}},"loc":{"start":{"line":12,"column":32},"end":{"line":12,"column":70}},"line":12},"4":{"name":"(anonymous_4)","decl":{"start":{"line":13,"column":23},"end":{"line":13,"column":24}},"loc":{"start":{"line":13,"column":33},"end":{"line":16,"column":3}},"line":13},"5":{"name":"(anonymous_5)","decl":{"start":{"line":18,"column":15},"end":{"line":18,"column":16}},"loc":{"start":{"line":18,"column":31},"end":{"line":27,"column":3}},"line":18}},"branchMap":{"0":{"loc":{"start":{"line":11,"column":19},"end":{"line":11,"column":30}},"type":"default-arg","locations":[{"start":{"line":11,"column":28},"end":{"line":11,"column":30}}],"line":11},"1":{"loc":{"start":{"line":12,"column":16},"end":{"line":12,"column":27}},"type":"default-arg","locations":[{"start":{"line":12,"column":25},"end":{"line":12,"column":27}}],"line":12},"2":{"loc":{"start":{"line":19,"column":4},"end":{"line":19,"column":100}},"type":"if","locations":[{"start":{"line":19,"column":4},"end":{"line":19,"column":100}},{"start":{},"end":{}}],"line":19},"3":{"loc":{"start":{"line":19,"column":8},"end":{"line":19,"column":39}},"type":"binary-expr","locations":[{"start":{"line":19,"column":8},"end":{"line":19,"column":18}},{"start":{"line":19,"column":22},"end":{"line":19,"column":39}}],"line":19},"4":{"loc":{"start":{"line":20,"column":4},"end":{"line":20,"column":81}},"type":"if","locations":[{"start":{"line":20,"column":4},"end":{"line":20,"column":81}},{"start":{},"end":{}}],"line":20},"5":{"loc":{"start":{"line":21,"column":4},"end":{"line":21,"column":112}},"type":"if","locations":[{"start":{"line":21,"column":4},"end":{"line":21,"column":112}},{"start":{},"end":{}}],"line":21},"6":{"loc":{"start":{"line":21,"column":8},"end":{"line":21,"column":47}},"type":"binary-expr","locations":[{"start":{"line":21,"column":8},"end":{"line":21,"column":22}},{"start":{"line":21,"column":26},"end":{"line":21,"column":47}}],"line":21},"7":{"loc":{"start":{"line":23,"column":4},"end":{"line":23,"column":80}},"type":"if","locations":[{"start":{"line":23,"column":4},"end":{"line":23,"column":80}},{"start":{},"end":{}}],"line":23}},"s":{"0":6,"1":6,"2":6,"3":6,"4":1,"5":6,"6":73,"7":6,"8":2,"9":6,"10":11,"11":11,"12":6,"13":16,"14":2,"15":14,"16":1,"17":13,"18":1,"19":12,"20":12,"21":1,"22":11,"23":11,"24":6},"f":{"0":6,"1":1,"2":73,"3":2,"4":11,"5":16},"b":{"0":[0],"1":[0],"2":[2,14],"3":[16,14],"4":[1,13],"5":[1,12],"6":[13,12],"7":[1,11]},"_coverageSchema":"1a1c01bbd47fc00a2c39e90264f33305004495a9","hash":"60c2905db0368e86284cd8bdd1aa6b372c16c502"}
}
