TN:
SF:knexfile.js
FNF:0
FNH:0
DA:1,7
LF:1
LH:1
BRF:0
BRH:0
end_of_record
TN:
SF:src\server.js
FN:32,(anonymous_0)
FN:36,(anonymous_1)
FN:40,(anonymous_2)
FNF:3
FNH:2
FNDA:0,(anonymous_0)
FNDA:2,(anonymous_1)
FNDA:13,(anonymous_2)
DA:1,7
DA:2,7
DA:3,7
DA:4,7
DA:5,7
DA:7,7
DA:9,7
DA:12,7
DA:24,7
DA:32,7
DA:33,0
DA:36,7
DA:37,2
DA:40,7
DA:41,13
DA:42,13
DA:44,0
DA:45,0
DA:48,0
DA:50,13
DA:55,7
LF:21
LH:17
BRDA:42,0,0,13
BRDA:42,0,1,0
BRF:2
BRH:1
end_of_record
TN:
SF:src\config\middlewares.js
FN:4,(anonymous_0)
FNF:1
FNH:1
FNDA:7,(anonymous_0)
DA:1,7
DA:2,7
DA:4,7
DA:5,7
DA:6,7
LF:5
LH:5
BRF:0
BRH:0
end_of_record
TN:
SF:src\config\passport.js
FN:8,(anonymous_0)
FN:13,(anonymous_1)
FN:15,(anonymous_2)
FN:18,(anonymous_3)
FN:23,(anonymous_4)
FNF:5
FNH:4
FNDA:7,(anonymous_0)
FNDA:57,(anonymous_1)
FNDA:57,(anonymous_2)
FNDA:0,(anonymous_3)
FNDA:7,(anonymous_4)
DA:1,7
DA:2,7
DA:4,7
DA:6,7
DA:8,7
DA:9,7
DA:13,7
DA:14,57
DA:16,57
DA:17,0
DA:18,0
DA:21,7
DA:23,7
LF:13
LH:11
BRDA:16,0,0,57
BRDA:16,0,1,0
BRF:2
BRH:1
end_of_record
TN:
SF:src\config\router.js
FN:3,(anonymous_0)
FNF:1
FNH:1
FNDA:7,(anonymous_0)
DA:1,7
DA:3,7
DA:4,7
DA:5,7
DA:7,7
DA:8,7
DA:9,7
DA:10,7
DA:11,7
DA:12,7
LF:10
LH:10
BRF:0
BRH:0
end_of_record
TN:
SF:src\errors\forbiddenErrror.js
FN:1,ForbiddenError
FNF:1
FNH:1
FNDA:1,ForbiddenError
DA:1,7
DA:2,1
DA:3,1
LF:3
LH:3
BRF:0
BRH:0
end_of_record
TN:
SF:src\errors\validationErrors.js
FN:1,ValidationError
FNF:1
FNH:1
FNDA:13,ValidationError
DA:1,7
DA:2,13
DA:3,13
LF:3
LH:3
BRF:0
BRH:0
end_of_record
TN:
SF:src\routes\accounts.js
FN:3,(anonymous_0)
FN:6,(anonymous_1)
FN:13,(anonymous_2)
FN:23,(anonymous_3)
FN:34,(anonymous_4)
FN:43,(anonymous_5)
FN:52,(anonymous_6)
FNF:7
FNH:7
FNDA:7,(anonymous_0)
FNDA:6,(anonymous_1)
FNDA:3,(anonymous_2)
FNDA:1,(anonymous_3)
FNDA:1,(anonymous_4)
FNDA:1,(anonymous_5)
FNDA:2,(anonymous_6)
DA:1,7
DA:3,7
DA:4,7
DA:6,7
DA:7,6
DA:8,6
DA:9,2
DA:11,4
DA:13,7
DA:14,3
DA:16,3
DA:17,1
DA:19,2
DA:23,7
DA:24,1
DA:25,1
DA:26,1
DA:27,1
DA:30,0
DA:34,7
DA:35,1
DA:36,1
DA:37,1
DA:39,0
DA:43,7
DA:44,1
DA:45,1
DA:46,1
DA:48,0
DA:52,7
DA:53,2
DA:54,2
DA:55,1
DA:57,1
DA:60,7
LF:35
LH:32
BRDA:8,0,0,2
BRDA:8,0,1,4
BRDA:26,1,0,1
BRDA:26,1,1,0
BRF:4
BRH:3
end_of_record
TN:
SF:src\routes\auth.js
FN:8,(anonymous_0)
FN:11,(anonymous_1)
FN:13,(anonymous_2)
FN:23,(anonymous_3)
FN:28,(anonymous_4)
FNF:5
FNH:4
FNDA:7,(anonymous_0)
FNDA:2,(anonymous_1)
FNDA:2,(anonymous_2)
FNDA:1,(anonymous_3)
FNDA:0,(anonymous_4)
DA:1,7
DA:2,7
DA:3,7
DA:4,7
DA:6,7
DA:8,7
DA:9,7
DA:11,7
DA:12,2
DA:14,2
DA:15,1
DA:20,1
DA:21,1
DA:22,1
DA:24,1
DA:28,7
DA:29,0
DA:30,0
DA:31,0
DA:33,0
DA:37,7
LF:21
LH:17
BRDA:14,0,0,1
BRDA:14,0,1,1
BRF:2
BRH:2
end_of_record
TN:
SF:src\routes\balance.js
FN:4,(anonymous_0)
FN:7,(anonymous_1)
FNF:2
FNH:2
FNDA:7,(anonymous_0)
FNDA:9,(anonymous_1)
DA:2,7
DA:4,7
DA:5,7
DA:7,7
DA:8,9
DA:9,9
DA:10,9
DA:12,0
DA:15,7
LF:9
LH:8
BRF:0
BRH:0
end_of_record
TN:
SF:src\routes\transactions.js
FN:5,(anonymous_0)
FN:8,(anonymous_1)
FN:14,(anonymous_2)
FN:23,(anonymous_3)
FN:32,(anonymous_4)
FN:41,(anonymous_5)
FN:50,(anonymous_6)
FNF:7
FNH:7
FNDA:7,(anonymous_0)
FNDA:4,(anonymous_1)
FNDA:1,(anonymous_2)
FNDA:11,(anonymous_3)
FNDA:1,(anonymous_4)
FNDA:1,(anonymous_5)
FNDA:1,(anonymous_6)
DA:3,7
DA:5,7
DA:6,7
DA:8,7
DA:9,4
DA:10,4
DA:11,1
DA:14,7
DA:15,1
DA:16,1
DA:17,1
DA:19,0
DA:23,7
DA:24,11
DA:25,11
DA:26,11
DA:28,0
DA:32,7
DA:33,1
DA:34,1
DA:35,1
DA:37,0
DA:41,7
DA:42,1
DA:43,1
DA:44,1
DA:46,0
DA:50,7
DA:51,1
DA:52,1
DA:53,1
DA:55,0
DA:59,7
LF:33
LH:28
BRDA:10,0,0,3
BRDA:10,0,1,1
BRF:2
BRH:2
end_of_record
TN:
SF:src\routes\transfers.js
FN:4,(anonymous_0)
FN:7,(anonymous_1)
FN:13,(anonymous_2)
FN:22,(anonymous_3)
FN:31,(anonymous_4)
FN:42,(anonymous_5)
FN:51,(anonymous_6)
FNF:7
FNH:7
FNDA:7,(anonymous_0)
FNDA:3,(anonymous_1)
FNDA:1,(anonymous_2)
FNDA:1,(anonymous_3)
FNDA:10,(anonymous_4)
FNDA:1,(anonymous_5)
FNDA:1,(anonymous_6)
DA:2,7
DA:4,7
DA:5,7
DA:7,7
DA:8,3
DA:9,3
DA:10,0
DA:11,3
DA:13,7
DA:14,1
DA:15,1
DA:16,1
DA:18,0
DA:22,7
DA:23,1
DA:24,1
DA:25,1
DA:27,0
DA:31,7
DA:32,10
DA:33,10
DA:34,8
DA:35,3
DA:38,5
DA:42,7
DA:43,1
DA:44,1
DA:45,1
DA:47,0
DA:51,7
DA:52,1
DA:53,1
DA:54,1
DA:56,0
DA:59,7
LF:35
LH:30
BRDA:9,0,0,0
BRDA:9,0,1,3
BRDA:33,1,0,8
BRDA:33,1,1,2
BRF:4
BRH:3
end_of_record
TN:
SF:src\routes\users.js
FN:4,(anonymous_0)
FN:7,(anonymous_1)
FN:11,(anonymous_2)
FNF:3
FNH:3
FNDA:7,(anonymous_0)
FNDA:1,(anonymous_1)
FNDA:7,(anonymous_2)
DA:2,7
DA:4,7
DA:5,7
DA:7,7
DA:8,1
DA:9,1
DA:11,7
DA:12,7
DA:13,7
DA:14,2
DA:16,5
DA:19,7
LF:12
LH:12
BRF:0
BRH:0
end_of_record
TN:
SF:src\seeds\01_transfer.js
FN:6,(anonymous_0)
FNF:1
FNH:1
FNDA:1,(anonymous_0)
DA:6,1
DA:8,1
DA:9,1
DA:10,1
DA:11,1
DA:12,1
DA:16,1
DA:22,1
DA:26,1
LF:9
LH:9
BRF:0
BRH:0
end_of_record
TN:
SF:src\seeds\02_balance.js
FN:6,(anonymous_0)
FNF:1
FNH:1
FNDA:1,(anonymous_0)
DA:6,1
DA:7,1
DA:11,1
LF:3
LH:3
BRF:0
BRH:0
end_of_record
TN:
SF:src\services\accounts.js
FN:7,(anonymous_0)
FN:8,(anonymous_1)
FN:9,(anonymous_2)
FN:11,(anonymous_3)
FN:18,(anonymous_4)
FN:22,(anonymous_5)
FNF:6
FNH:6
FNDA:7,(anonymous_0)
FNDA:2,(anonymous_1)
FNDA:11,(anonymous_2)
FNDA:5,(anonymous_3)
FNDA:1,(anonymous_4)
FNDA:2,(anonymous_5)
DA:3,7
DA:7,7
DA:8,7
DA:9,11
DA:11,7
DA:12,5
DA:13,4
DA:14,4
DA:15,3
DA:18,7
DA:22,7
DA:23,2
DA:24,2
DA:25,1
DA:29,7
LF:15
LH:15
BRDA:8,0,0,0
BRDA:9,1,0,0
BRDA:12,2,0,1
BRDA:12,2,1,4
BRDA:12,3,0,5
BRDA:12,3,1,4
BRDA:14,4,0,1
BRDA:14,4,1,3
BRDA:24,5,0,1
BRDA:24,5,1,1
BRF:10
BRH:8
end_of_record
TN:
SF:src\services\balance.js
FN:3,(anonymous_0)
FN:4,(anonymous_1)
FNF:2
FNH:2
FNDA:7,(anonymous_0)
FNDA:9,(anonymous_1)
DA:3,7
DA:4,9
DA:12,7
LF:3
LH:3
BRF:0
BRH:0
end_of_record
TN:
SF:src\services\transaction.js
FN:5,(anonymous_0)
FN:6,(anonymous_1)
FN:12,(anonymous_2)
FN:13,(anonymous_3)
FN:27,(anonymous_4)
FN:31,(anonymous_5)
FNF:6
FNH:6
FNDA:7,(anonymous_0)
FNDA:5,(anonymous_1)
FNDA:3,(anonymous_2)
FNDA:11,(anonymous_3)
FNDA:1,(anonymous_4)
FNDA:1,(anonymous_5)
DA:1,7
DA:5,7
DA:6,7
DA:12,7
DA:13,7
DA:14,11
DA:15,11
DA:16,11
DA:17,11
DA:18,11
DA:19,11
DA:20,11
DA:21,11
DA:23,5
DA:25,11
DA:27,7
DA:31,7
DA:33,7
LF:18
LH:18
BRDA:6,0,0,1
BRDA:12,1,0,0
BRDA:14,2,0,0
BRDA:14,2,1,11
BRDA:15,3,0,0
BRDA:15,3,1,11
BRDA:16,4,0,0
BRDA:16,4,1,11
BRDA:16,5,0,11
BRDA:16,5,1,7
BRDA:17,6,0,0
BRDA:17,6,1,11
BRDA:18,7,0,0
BRDA:18,7,1,11
BRDA:19,8,0,0
BRDA:19,8,1,11
BRDA:21,9,0,5
BRDA:21,9,1,6
BRDA:21,10,0,11
BRDA:21,10,1,7
BRDA:21,10,2,10
BRDA:21,10,3,4
BRF:22
BRH:15
end_of_record
TN:
SF:src\services\transfer.js
FN:3,(anonymous_0)
FN:4,(anonymous_1)
FN:14,(anonymous_2)
FN:15,(anonymous_3)
FN:16,(anonymous_4)
FN:21,(anonymous_5)
FN:50,(anonymous_6)
FNF:7
FNH:7
FNDA:7,(anonymous_0)
FNDA:9,(anonymous_1)
FNDA:1,(anonymous_2)
FNDA:4,(anonymous_3)
FNDA:1,(anonymous_4)
FNDA:8,(anonymous_5)
FNDA:1,(anonymous_6)
DA:1,7
DA:3,7
DA:4,7
DA:5,9
DA:6,8
DA:7,7
DA:8,6
DA:9,5
DA:10,4
DA:11,4
DA:14,7
DA:15,7
DA:16,7
DA:17,1
DA:18,1
DA:21,7
DA:22,8
DA:23,3
DA:24,3
DA:46,3
DA:47,3
DA:50,7
DA:51,1
DA:52,1
DA:56,1
DA:77,1
DA:78,1
DA:79,1
DA:81,7
LF:29
LH:29
BRDA:5,0,0,1
BRDA:5,0,1,8
BRDA:6,1,0,1
BRDA:6,1,1,7
BRDA:7,2,0,1
BRDA:7,2,1,6
BRDA:8,3,0,1
BRDA:8,3,1,5
BRDA:9,4,0,1
BRDA:9,4,1,4
BRDA:10,5,0,0
BRDA:10,5,1,4
BRDA:11,6,0,0
BRDA:11,6,1,4
BRDA:14,7,0,0
BRDA:15,8,0,0
BRF:16
BRH:12
end_of_record
TN:
SF:src\services\user.js
FN:5,(anonymous_0)
FN:6,(anonymous_1)
FN:10,(anonymous_2)
FN:11,(anonymous_3)
FN:12,(anonymous_4)
FN:17,(anonymous_5)
FNF:6
FNH:6
FNDA:7,(anonymous_0)
FNDA:1,(anonymous_1)
FNDA:72,(anonymous_2)
FNDA:2,(anonymous_3)
FNDA:11,(anonymous_4)
FNDA:16,(anonymous_5)
DA:2,7
DA:3,7
DA:5,7
DA:6,7
DA:10,72
DA:11,7
DA:12,7
DA:13,11
DA:14,11
DA:17,7
DA:18,16
DA:19,14
DA:20,13
DA:21,12
DA:22,12
DA:24,11
DA:25,11
DA:27,7
LF:18
LH:18
BRDA:10,0,0,0
BRDA:11,1,0,0
BRDA:18,2,0,2
BRDA:18,2,1,14
BRDA:18,3,0,16
BRDA:18,3,1,14
BRDA:19,4,0,1
BRDA:19,4,1,13
BRDA:20,5,0,1
BRDA:20,5,1,12
BRDA:20,6,0,13
BRDA:20,6,1,12
BRDA:22,7,0,1
BRDA:22,7,1,11
BRF:14
BRH:12
end_of_record
