TN:
SF:knexfile.js
FNF:0
FNH:0
DA:1,6
LF:1
LH:1
BRF:0
BRH:0
end_of_record
TN:
SF:src\server.js
FN:16,(anonymous_0)
FN:20,(anonymous_1)
FN:24,(anonymous_2)
FNF:3
FNH:1
FNDA:0,(anonymous_0)
FNDA:0,(anonymous_1)
FNDA:15,(anonymous_2)
DA:1,6
DA:2,6
DA:3,6
DA:4,6
DA:6,6
DA:8,6
DA:16,6
DA:17,0
DA:20,6
DA:21,0
DA:24,6
DA:25,15
DA:27,15
DA:28,1
DA:29,15
DA:42,6
LF:16
LH:14
BRDA:27,0,0,14
BRDA:27,0,1,1
BRF:2
BRH:2
end_of_record
TN:
SF:src\config\middlewares.js
FN:3,(anonymous_0)
FNF:1
FNH:1
FNDA:6,(anonymous_0)
DA:1,6
DA:3,6
DA:4,6
LF:3
LH:3
BRF:0
BRH:0
end_of_record
TN:
SF:src\config\passport.js
FN:8,(anonymous_0)
FN:13,(anonymous_1)
FN:15,(anonymous_2)
FN:18,(anonymous_3)
FN:23,(anonymous_4)
FNF:5
FNH:4
FNDA:6,(anonymous_0)
FNDA:58,(anonymous_1)
FNDA:58,(anonymous_2)
FNDA:0,(anonymous_3)
FNDA:6,(anonymous_4)
DA:1,6
DA:2,6
DA:4,6
DA:6,6
DA:8,6
DA:9,6
DA:13,6
DA:14,58
DA:16,58
DA:17,0
DA:18,0
DA:21,6
DA:23,6
LF:13
LH:11
BRDA:16,0,0,58
BRDA:16,0,1,0
BRF:2
BRH:1
end_of_record
TN:
SF:src\config\router.js
FN:3,(anonymous_0)
FNF:1
FNH:1
FNDA:6,(anonymous_0)
DA:1,6
DA:3,6
DA:4,6
DA:5,6
DA:7,6
DA:8,6
DA:9,6
DA:10,6
DA:11,6
DA:12,6
LF:10
LH:10
BRF:0
BRH:0
end_of_record
TN:
SF:src\errors\validationErrors.js
FN:2,ValidationError
FNF:1
FNH:1
FNDA:14,ValidationError
DA:2,6
DA:3,14
DA:4,14
LF:3
LH:3
BRF:0
BRH:0
end_of_record
TN:
SF:src\routes\accounts.js
FN:4,(anonymous_0)
FN:7,(anonymous_1)
FN:14,(anonymous_2)
FN:24,(anonymous_3)
FN:35,(anonymous_4)
FN:44,(anonymous_5)
FN:53,(anonymous_6)
FNF:7
FNH:7
FNDA:6,(anonymous_0)
FNDA:6,(anonymous_1)
FNDA:3,(anonymous_2)
FNDA:1,(anonymous_3)
FNDA:1,(anonymous_4)
FNDA:1,(anonymous_5)
FNDA:2,(anonymous_6)
DA:2,6
DA:4,6
DA:5,6
DA:7,6
DA:8,6
DA:9,6
DA:10,6
DA:11,2
DA:12,4
DA:14,6
DA:15,3
DA:17,3
DA:18,1
DA:20,2
DA:24,6
DA:25,1
DA:26,1
DA:27,1
DA:28,1
DA:31,0
DA:35,6
DA:36,1
DA:37,1
DA:38,1
DA:40,0
DA:44,6
DA:45,1
DA:46,1
DA:47,1
DA:49,0
DA:53,6
DA:54,2
DA:55,2
DA:56,1
DA:57,1
DA:59,1
DA:62,6
LF:37
LH:34
BRDA:10,0,0,2
BRDA:10,0,1,4
BRDA:27,1,0,1
BRDA:27,1,1,0
BRF:4
BRH:3
end_of_record
TN:
SF:src\routes\auth.js
FN:9,(anonymous_0)
FN:12,(anonymous_1)
FN:14,(anonymous_2)
FN:24,(anonymous_3)
FN:29,(anonymous_4)
FNF:5
FNH:4
FNDA:6,(anonymous_0)
FNDA:2,(anonymous_1)
FNDA:2,(anonymous_2)
FNDA:1,(anonymous_3)
FNDA:0,(anonymous_4)
DA:3,6
DA:4,6
DA:5,6
DA:7,6
DA:9,6
DA:10,6
DA:12,6
DA:13,2
DA:15,2
DA:16,1
DA:21,1
DA:22,1
DA:23,1
DA:25,1
DA:29,6
DA:30,0
DA:31,0
DA:32,0
DA:33,0
DA:35,0
DA:39,6
LF:21
LH:16
BRDA:15,0,0,1
BRDA:15,0,1,1
BRF:2
BRH:2
end_of_record
TN:
SF:src\routes\balance.js
FN:4,(anonymous_0)
FN:7,(anonymous_1)
FNF:2
FNH:2
FNDA:6,(anonymous_0)
FNDA:9,(anonymous_1)
DA:2,6
DA:4,6
DA:5,6
DA:7,6
DA:8,9
DA:9,9
DA:10,9
DA:11,9
DA:13,0
DA:16,6
LF:10
LH:9
BRF:0
BRH:0
end_of_record
TN:
SF:src\routes\transactions.js
FN:4,(anonymous_0)
FN:7,(anonymous_1)
FN:14,(anonymous_2)
FN:24,(anonymous_3)
FN:33,(anonymous_4)
FN:42,(anonymous_5)
FN:51,(anonymous_6)
FNF:7
FNH:7
FNDA:6,(anonymous_0)
FNDA:4,(anonymous_1)
FNDA:1,(anonymous_2)
FNDA:11,(anonymous_3)
FNDA:1,(anonymous_4)
FNDA:1,(anonymous_5)
FNDA:1,(anonymous_6)
DA:2,6
DA:4,6
DA:5,6
DA:7,6
DA:8,4
DA:9,4
DA:10,4
DA:11,1
DA:14,6
DA:15,1
DA:16,1
DA:17,1
DA:20,0
DA:24,6
DA:25,11
DA:26,11
DA:27,11
DA:29,0
DA:33,6
DA:34,1
DA:35,1
DA:36,1
DA:38,0
DA:42,6
DA:43,1
DA:44,1
DA:45,1
DA:47,0
DA:51,6
DA:52,1
DA:53,1
DA:54,1
DA:56,0
DA:60,6
LF:34
LH:29
BRDA:10,0,0,3
BRDA:10,0,1,1
BRF:2
BRH:2
end_of_record
TN:
SF:src\routes\transfers.js
FN:4,(anonymous_0)
FN:7,(anonymous_1)
FN:13,(anonymous_2)
FN:22,(anonymous_3)
FN:31,(anonymous_4)
FN:43,(anonymous_5)
FN:52,(anonymous_6)
FNF:7
FNH:7
FNDA:6,(anonymous_0)
FNDA:3,(anonymous_1)
FNDA:1,(anonymous_2)
FNDA:1,(anonymous_3)
FNDA:11,(anonymous_4)
FNDA:1,(anonymous_5)
FNDA:1,(anonymous_6)
DA:2,6
DA:4,6
DA:5,6
DA:7,6
DA:8,3
DA:9,3
DA:10,0
DA:11,3
DA:13,6
DA:14,1
DA:15,1
DA:16,1
DA:18,0
DA:22,6
DA:23,1
DA:24,1
DA:25,1
DA:27,0
DA:31,6
DA:32,11
DA:33,11
DA:34,9
DA:35,3
DA:39,6
DA:43,6
DA:44,1
DA:45,1
DA:46,1
DA:48,0
DA:52,6
DA:53,1
DA:54,1
DA:55,1
DA:57,0
DA:60,6
LF:35
LH:30
BRDA:9,0,0,0
BRDA:9,0,1,3
BRDA:33,1,0,9
BRDA:33,1,1,2
BRF:4
BRH:3
end_of_record
TN:
SF:src\routes\users.js
FN:4,(anonymous_0)
FN:7,(anonymous_1)
FN:11,(anonymous_2)
FNF:3
FNH:3
FNDA:6,(anonymous_0)
FNDA:1,(anonymous_1)
FNDA:7,(anonymous_2)
DA:2,6
DA:4,6
DA:5,6
DA:7,6
DA:8,1
DA:9,1
DA:11,6
DA:12,7
DA:13,7
DA:14,2
DA:16,5
DA:19,6
LF:12
LH:12
BRF:0
BRH:0
end_of_record
TN:
SF:src\seeds\01_transfer.js
FN:6,(anonymous_0)
FNF:1
FNH:1
FNDA:1,(anonymous_0)
DA:6,1
DA:8,1
DA:9,1
DA:10,1
DA:11,1
DA:12,1
DA:16,1
DA:22,1
DA:26,1
LF:9
LH:9
BRF:0
BRH:0
end_of_record
TN:
SF:src\seeds\02_balance.js
FN:6,(anonymous_0)
FNF:1
FNH:1
FNDA:1,(anonymous_0)
DA:6,1
DA:7,1
DA:11,1
LF:3
LH:3
BRF:0
BRH:0
end_of_record
TN:
SF:src\services\accounts.js
FN:7,(anonymous_0)
FN:8,(anonymous_1)
FN:9,(anonymous_2)
FN:11,(anonymous_3)
FN:18,(anonymous_4)
FN:22,(anonymous_5)
FNF:6
FNH:6
FNDA:6,(anonymous_0)
FNDA:2,(anonymous_1)
FNDA:11,(anonymous_2)
FNDA:5,(anonymous_3)
FNDA:1,(anonymous_4)
FNDA:2,(anonymous_5)
DA:3,6
DA:7,6
DA:8,6
DA:9,11
DA:11,6
DA:12,5
DA:13,4
DA:14,4
DA:15,3
DA:18,6
DA:22,6
DA:23,2
DA:24,2
DA:25,1
DA:29,6
LF:15
LH:15
BRDA:8,0,0,0
BRDA:9,1,0,0
BRDA:12,2,0,1
BRDA:12,2,1,4
BRDA:12,3,0,5
BRDA:12,3,1,4
BRDA:14,4,0,1
BRDA:14,4,1,3
BRDA:24,5,0,1
BRDA:24,5,1,1
BRF:10
BRH:8
end_of_record
TN:
SF:src\services\balance.js
FN:3,(anonymous_0)
FN:4,(anonymous_1)
FNF:2
FNH:2
FNDA:6,(anonymous_0)
FNDA:9,(anonymous_1)
DA:3,6
DA:4,9
DA:12,6
LF:3
LH:3
BRF:0
BRH:0
end_of_record
TN:
SF:src\services\transaction.js
FN:5,(anonymous_0)
FN:6,(anonymous_1)
FN:12,(anonymous_2)
FN:17,(anonymous_3)
FN:18,(anonymous_4)
FN:32,(anonymous_5)
FN:36,(anonymous_6)
FNF:7
FNH:6
FNDA:6,(anonymous_0)
FNDA:5,(anonymous_1)
FNDA:0,(anonymous_2)
FNDA:3,(anonymous_3)
FNDA:11,(anonymous_4)
FNDA:1,(anonymous_5)
FNDA:1,(anonymous_6)
DA:1,6
DA:5,6
DA:6,6
DA:12,6
DA:17,6
DA:18,6
DA:19,11
DA:20,11
DA:21,11
DA:22,11
DA:23,11
DA:24,11
DA:25,11
DA:26,11
DA:28,5
DA:30,11
DA:32,6
DA:36,6
DA:38,6
LF:19
LH:19
BRDA:6,0,0,1
BRDA:17,1,0,0
BRDA:19,2,0,0
BRDA:19,2,1,11
BRDA:20,3,0,0
BRDA:20,3,1,11
BRDA:21,4,0,0
BRDA:21,4,1,11
BRDA:21,5,0,11
BRDA:21,5,1,7
BRDA:22,6,0,0
BRDA:22,6,1,11
BRDA:23,7,0,0
BRDA:23,7,1,11
BRDA:24,8,0,0
BRDA:24,8,1,11
BRDA:26,9,0,5
BRDA:26,9,1,6
BRDA:26,10,0,11
BRDA:26,10,1,7
BRDA:26,10,2,10
BRDA:26,10,3,4
BRF:22
BRH:15
end_of_record
TN:
SF:src\services\transfer.js
FN:5,(anonymous_0)
FN:6,(anonymous_1)
FN:7,(anonymous_2)
FN:8,(anonymous_3)
FN:12,(anonymous_4)
FN:22,(anonymous_5)
FN:52,(anonymous_6)
FNF:7
FNH:7
FNDA:6,(anonymous_0)
FNDA:1,(anonymous_1)
FNDA:4,(anonymous_2)
FNDA:1,(anonymous_3)
FNDA:10,(anonymous_4)
FNDA:9,(anonymous_5)
FNDA:1,(anonymous_6)
DA:1,6
DA:5,6
DA:6,6
DA:7,6
DA:8,6
DA:9,1
DA:10,1
DA:12,6
DA:13,10
DA:14,9
DA:15,8
DA:16,7
DA:17,6
DA:18,5
DA:19,5
DA:22,6
DA:23,9
DA:24,3
DA:25,3
DA:26,3
DA:48,3
DA:49,3
DA:52,6
DA:53,1
DA:54,1
DA:58,1
DA:79,1
DA:80,1
DA:81,1
DA:83,6
LF:30
LH:30
BRDA:6,0,0,0
BRDA:7,1,0,0
BRDA:13,2,0,1
BRDA:13,2,1,9
BRDA:14,3,0,1
BRDA:14,3,1,8
BRDA:15,4,0,1
BRDA:15,4,1,7
BRDA:16,5,0,1
BRDA:16,5,1,6
BRDA:17,6,0,1
BRDA:17,6,1,5
BRDA:18,7,0,0
BRDA:18,7,1,5
BRDA:19,8,0,1
BRDA:19,8,1,4
BRF:16
BRH:13
end_of_record
TN:
SF:src\services\user.js
FN:6,(anonymous_0)
FN:7,(anonymous_1)
FN:11,(anonymous_2)
FN:12,(anonymous_3)
FN:13,(anonymous_4)
FN:18,(anonymous_5)
FNF:6
FNH:6
FNDA:6,(anonymous_0)
FNDA:1,(anonymous_1)
FNDA:73,(anonymous_2)
FNDA:2,(anonymous_3)
FNDA:11,(anonymous_4)
FNDA:16,(anonymous_5)
DA:2,6
DA:3,6
DA:6,6
DA:7,6
DA:11,73
DA:12,6
DA:13,6
DA:14,11
DA:15,11
DA:18,6
DA:19,16
DA:20,14
DA:21,13
DA:22,12
DA:23,12
DA:25,11
DA:26,11
DA:28,6
LF:18
LH:18
BRDA:11,0,0,0
BRDA:12,1,0,0
BRDA:19,2,0,2
BRDA:19,2,1,14
BRDA:19,3,0,16
BRDA:19,3,1,14
BRDA:20,4,0,1
BRDA:20,4,1,13
BRDA:21,5,0,1
BRDA:21,5,1,12
BRDA:21,6,0,13
BRDA:21,6,1,12
BRDA:23,7,0,1
BRDA:23,7,1,11
BRF:14
BRH:12
end_of_record
